[2024-04-11 16:50:49] local.INFO: Exception  
[2024-04-11 16:50:49] local.ERROR: Illuminate\Validation\ValidationException: The selected links.0.type is invalid. (and 1 more error) in C:\Users\duong\Desktop\facebookmanagement\vendor\laravel\framework\src\Illuminate\Support\helpers.php:330
Stack trace:
#0 C:\Users\duong\Desktop\facebookmanagement\vendor\laravel\framework\src\Illuminate\Validation\Validator.php(534): throw_if(true, 'Illuminate\\Vali...', Object(Illuminate\Validation\Validator))
#1 C:\Users\duong\Desktop\facebookmanagement\vendor\laravel\framework\src\Illuminate\Foundation\Providers\FoundationServiceProvider.php(124): Illuminate\Validation\Validator->validate()
#2 C:\Users\duong\Desktop\facebookmanagement\vendor\laravel\framework\src\Illuminate\Macroable\Traits\Macroable.php(123): Illuminate\Http\Request->Illuminate\Foundation\Providers\{closure}(Array)
#3 C:\Users\duong\Desktop\facebookmanagement\app\Http\Controllers\Admin\LinkController.php(31): Illuminate\Http\Request->__call('validate', Array)
#4 C:\Users\duong\Desktop\facebookmanagement\vendor\laravel\framework\src\Illuminate\Routing\Controller.php(54): App\Http\Controllers\Admin\LinkController->store(Object(Illuminate\Http\Request))
#5 C:\Users\duong\Desktop\facebookmanagement\vendor\laravel\framework\src\Illuminate\Routing\ControllerDispatcher.php(43): Illuminate\Routing\Controller->callAction('store', Array)
#6 C:\Users\duong\Desktop\facebookmanagement\vendor\laravel\framework\src\Illuminate\Routing\Route.php(260): Illuminate\Routing\ControllerDispatcher->dispatch(Object(Illuminate\Routing\Route), Object(App\Http\Controllers\Admin\LinkController), 'store')
#7 C:\Users\duong\Desktop\facebookmanagement\vendor\laravel\framework\src\Illuminate\Routing\Route.php(205): Illuminate\Routing\Route->runController()
#8 C:\Users\duong\Desktop\facebookmanagement\vendor\laravel\framework\src\Illuminate\Routing\Router.php(806): Illuminate\Routing\Route->run()
#9 C:\Users\duong\Desktop\facebookmanagement\vendor\laravel\framework\src\Illuminate\Pipeline\Pipeline.php(144): Illuminate\Routing\Router->Illuminate\Routing\{closure}(Object(Illuminate\Http\Request))
#10 C:\Users\duong\Desktop\facebookmanagement\vendor\laravel\framework\src\Illuminate\Routing\Middleware\SubstituteBindings.php(50): Illuminate\Pipeline\Pipeline->Illuminate\Pipeline\{closure}(Object(Illuminate\Http\Request))
#11 C:\Users\duong\Desktop\facebookmanagement\vendor\laravel\framework\src\Illuminate\Pipeline\Pipeline.php(183): Illuminate\Routing\Middleware\SubstituteBindings->handle(Object(Illuminate\Http\Request), Object(Closure))
#12 C:\Users\duong\Desktop\facebookmanagement\vendor\laravel\framework\src\Illuminate\Routing\Middleware\ThrottleRequests.php(159): Illuminate\Pipeline\Pipeline->Illuminate\Pipeline\{closure}(Object(Illuminate\Http\Request))
#13 C:\Users\duong\Desktop\facebookmanagement\vendor\laravel\framework\src\Illuminate\Routing\Middleware\ThrottleRequests.php(135): Illuminate\Routing\Middleware\ThrottleRequests->handleRequest(Object(Illuminate\Http\Request), Object(Closure), Array)
#14 C:\Users\duong\Desktop\facebookmanagement\vendor\laravel\framework\src\Illuminate\Routing\Middleware\ThrottleRequests.php(87): Illuminate\Routing\Middleware\ThrottleRequests->handleRequestUsingNamedLimiter(Object(Illuminate\Http\Request), Object(Closure), 'api', Object(Closure))
#15 C:\Users\duong\Desktop\facebookmanagement\vendor\laravel\framework\src\Illuminate\Pipeline\Pipeline.php(183): Illuminate\Routing\Middleware\ThrottleRequests->handle(Object(Illuminate\Http\Request), Object(Closure), 'api')
#16 C:\Users\duong\Desktop\facebookmanagement\vendor\laravel\framework\src\Illuminate\Pipeline\Pipeline.php(119): Illuminate\Pipeline\Pipeline->Illuminate\Pipeline\{closure}(Object(Illuminate\Http\Request))
#17 C:\Users\duong\Desktop\facebookmanagement\vendor\laravel\framework\src\Illuminate\Routing\Router.php(807): Illuminate\Pipeline\Pipeline->then(Object(Closure))
#18 C:\Users\duong\Desktop\facebookmanagement\vendor\laravel\framework\src\Illuminate\Routing\Router.php(784): Illuminate\Routing\Router->runRouteWithinStack(Object(Illuminate\Routing\Route), Object(Illuminate\Http\Request))
#19 C:\Users\duong\Desktop\facebookmanagement\vendor\laravel\framework\src\Illuminate\Routing\Router.php(748): Illuminate\Routing\Router->runRoute(Object(Illuminate\Http\Request), Object(Illuminate\Routing\Route))
#20 C:\Users\duong\Desktop\facebookmanagement\vendor\laravel\framework\src\Illuminate\Routing\Router.php(737): Illuminate\Routing\Router->dispatchToRoute(Object(Illuminate\Http\Request))
#21 C:\Users\duong\Desktop\facebookmanagement\vendor\laravel\framework\src\Illuminate\Foundation\Http\Kernel.php(200): Illuminate\Routing\Router->dispatch(Object(Illuminate\Http\Request))
#22 C:\Users\duong\Desktop\facebookmanagement\vendor\laravel\framework\src\Illuminate\Pipeline\Pipeline.php(144): Illuminate\Foundation\Http\Kernel->Illuminate\Foundation\Http\{closure}(Object(Illuminate\Http\Request))
#23 C:\Users\duong\Desktop\facebookmanagement\vendor\livewire\livewire\src\Features\SupportDisablingBackButtonCache\DisableBackButtonCacheMiddleware.php(19): Illuminate\Pipeline\Pipeline->Illuminate\Pipeline\{closure}(Object(Illuminate\Http\Request))
#24 C:\Users\duong\Desktop\facebookmanagement\vendor\laravel\framework\src\Illuminate\Pipeline\Pipeline.php(183): Livewire\Features\SupportDisablingBackButtonCache\DisableBackButtonCacheMiddleware->handle(Object(Illuminate\Http\Request), Object(Closure))
#25 C:\Users\duong\Desktop\facebookmanagement\vendor\laravel\framework\src\Illuminate\Foundation\Http\Middleware\TransformsRequest.php(21): Illuminate\Pipeline\Pipeline->Illuminate\Pipeline\{closure}(Object(Illuminate\Http\Request))
#26 C:\Users\duong\Desktop\facebookmanagement\vendor\laravel\framework\src\Illuminate\Foundation\Http\Middleware\ConvertEmptyStringsToNull.php(31): Illuminate\Foundation\Http\Middleware\TransformsRequest->handle(Object(Illuminate\Http\Request), Object(Closure))
#27 C:\Users\duong\Desktop\facebookmanagement\vendor\laravel\framework\src\Illuminate\Pipeline\Pipeline.php(183): Illuminate\Foundation\Http\Middleware\ConvertEmptyStringsToNull->handle(Object(Illuminate\Http\Request), Object(Closure))
#28 C:\Users\duong\Desktop\facebookmanagement\vendor\laravel\framework\src\Illuminate\Foundation\Http\Middleware\TransformsRequest.php(21): Illuminate\Pipeline\Pipeline->Illuminate\Pipeline\{closure}(Object(Illuminate\Http\Request))
#29 C:\Users\duong\Desktop\facebookmanagement\vendor\laravel\framework\src\Illuminate\Foundation\Http\Middleware\TrimStrings.php(40): Illuminate\Foundation\Http\Middleware\TransformsRequest->handle(Object(Illuminate\Http\Request), Object(Closure))
#30 C:\Users\duong\Desktop\facebookmanagement\vendor\laravel\framework\src\Illuminate\Pipeline\Pipeline.php(183): Illuminate\Foundation\Http\Middleware\TrimStrings->handle(Object(Illuminate\Http\Request), Object(Closure))
#31 C:\Users\duong\Desktop\facebookmanagement\vendor\laravel\framework\src\Illuminate\Foundation\Http\Middleware\ValidatePostSize.php(27): Illuminate\Pipeline\Pipeline->Illuminate\Pipeline\{closure}(Object(Illuminate\Http\Request))
#32 C:\Users\duong\Desktop\facebookmanagement\vendor\laravel\framework\src\Illuminate\Pipeline\Pipeline.php(183): Illuminate\Foundation\Http\Middleware\ValidatePostSize->handle(Object(Illuminate\Http\Request), Object(Closure))
#33 C:\Users\duong\Desktop\facebookmanagement\vendor\laravel\framework\src\Illuminate\Foundation\Http\Middleware\PreventRequestsDuringMaintenance.php(99): Illuminate\Pipeline\Pipeline->Illuminate\Pipeline\{closure}(Object(Illuminate\Http\Request))
#34 C:\Users\duong\Desktop\facebookmanagement\vendor\laravel\framework\src\Illuminate\Pipeline\Pipeline.php(183): Illuminate\Foundation\Http\Middleware\PreventRequestsDuringMaintenance->handle(Object(Illuminate\Http\Request), Object(Closure))
#35 C:\Users\duong\Desktop\facebookmanagement\vendor\laravel\framework\src\Illuminate\Http\Middleware\HandleCors.php(62): Illuminate\Pipeline\Pipeline->Illuminate\Pipeline\{closure}(Object(Illuminate\Http\Request))
#36 C:\Users\duong\Desktop\facebookmanagement\vendor\laravel\framework\src\Illuminate\Pipeline\Pipeline.php(183): Illuminate\Http\Middleware\HandleCors->handle(Object(Illuminate\Http\Request), Object(Closure))
#37 C:\Users\duong\Desktop\facebookmanagement\vendor\laravel\framework\src\Illuminate\Http\Middleware\TrustProxies.php(39): Illuminate\Pipeline\Pipeline->Illuminate\Pipeline\{closure}(Object(Illuminate\Http\Request))
#38 C:\Users\duong\Desktop\facebookmanagement\vendor\laravel\framework\src\Illuminate\Pipeline\Pipeline.php(183): Illuminate\Http\Middleware\TrustProxies->handle(Object(Illuminate\Http\Request), Object(Closure))
#39 C:\Users\duong\Desktop\facebookmanagement\vendor\laravel\framework\src\Illuminate\Pipeline\Pipeline.php(119): Illuminate\Pipeline\Pipeline->Illuminate\Pipeline\{closure}(Object(Illuminate\Http\Request))
#40 C:\Users\duong\Desktop\facebookmanagement\vendor\laravel\framework\src\Illuminate\Foundation\Http\Kernel.php(175): Illuminate\Pipeline\Pipeline->then(Object(Closure))
#41 C:\Users\duong\Desktop\facebookmanagement\vendor\laravel\framework\src\Illuminate\Foundation\Http\Kernel.php(144): Illuminate\Foundation\Http\Kernel->sendRequestThroughRouter(Object(Illuminate\Http\Request))
#42 C:\Users\duong\Desktop\facebookmanagement\public\index.php(52): Illuminate\Foundation\Http\Kernel->handle(Object(Illuminate\Http\Request))
#43 C:\Users\duong\Desktop\facebookmanagement\vendor\laravel\framework\src\Illuminate\Foundation\resources\server.php(16): require_once('C:\\Users\\duong\\...')
#44 {main}  
[2024-04-11 16:58:20] local.INFO: Exception  
[2024-04-11 16:58:20] local.ERROR: Illuminate\Validation\ValidationException: The selected links.0.type is invalid. (and 1 more error) in C:\Users\duong\Desktop\facebookmanagement\vendor\laravel\framework\src\Illuminate\Support\helpers.php:330
Stack trace:
#0 C:\Users\duong\Desktop\facebookmanagement\vendor\laravel\framework\src\Illuminate\Validation\Validator.php(534): throw_if(true, 'Illuminate\\Vali...', Object(Illuminate\Validation\Validator))
#1 C:\Users\duong\Desktop\facebookmanagement\vendor\laravel\framework\src\Illuminate\Foundation\Providers\FoundationServiceProvider.php(124): Illuminate\Validation\Validator->validate()
#2 C:\Users\duong\Desktop\facebookmanagement\vendor\laravel\framework\src\Illuminate\Macroable\Traits\Macroable.php(123): Illuminate\Http\Request->Illuminate\Foundation\Providers\{closure}(Array)
#3 C:\Users\duong\Desktop\facebookmanagement\app\Http\Controllers\Admin\LinkController.php(31): Illuminate\Http\Request->__call('validate', Array)
#4 C:\Users\duong\Desktop\facebookmanagement\vendor\laravel\framework\src\Illuminate\Routing\Controller.php(54): App\Http\Controllers\Admin\LinkController->store(Object(Illuminate\Http\Request))
#5 C:\Users\duong\Desktop\facebookmanagement\vendor\laravel\framework\src\Illuminate\Routing\ControllerDispatcher.php(43): Illuminate\Routing\Controller->callAction('store', Array)
#6 C:\Users\duong\Desktop\facebookmanagement\vendor\laravel\framework\src\Illuminate\Routing\Route.php(260): Illuminate\Routing\ControllerDispatcher->dispatch(Object(Illuminate\Routing\Route), Object(App\Http\Controllers\Admin\LinkController), 'store')
#7 C:\Users\duong\Desktop\facebookmanagement\vendor\laravel\framework\src\Illuminate\Routing\Route.php(205): Illuminate\Routing\Route->runController()
#8 C:\Users\duong\Desktop\facebookmanagement\vendor\laravel\framework\src\Illuminate\Routing\Router.php(806): Illuminate\Routing\Route->run()
#9 C:\Users\duong\Desktop\facebookmanagement\vendor\laravel\framework\src\Illuminate\Pipeline\Pipeline.php(144): Illuminate\Routing\Router->Illuminate\Routing\{closure}(Object(Illuminate\Http\Request))
#10 C:\Users\duong\Desktop\facebookmanagement\vendor\laravel\framework\src\Illuminate\Routing\Middleware\SubstituteBindings.php(50): Illuminate\Pipeline\Pipeline->Illuminate\Pipeline\{closure}(Object(Illuminate\Http\Request))
#11 C:\Users\duong\Desktop\facebookmanagement\vendor\laravel\framework\src\Illuminate\Pipeline\Pipeline.php(183): Illuminate\Routing\Middleware\SubstituteBindings->handle(Object(Illuminate\Http\Request), Object(Closure))
#12 C:\Users\duong\Desktop\facebookmanagement\vendor\laravel\framework\src\Illuminate\Routing\Middleware\ThrottleRequests.php(159): Illuminate\Pipeline\Pipeline->Illuminate\Pipeline\{closure}(Object(Illuminate\Http\Request))
#13 C:\Users\duong\Desktop\facebookmanagement\vendor\laravel\framework\src\Illuminate\Routing\Middleware\ThrottleRequests.php(135): Illuminate\Routing\Middleware\ThrottleRequests->handleRequest(Object(Illuminate\Http\Request), Object(Closure), Array)
#14 C:\Users\duong\Desktop\facebookmanagement\vendor\laravel\framework\src\Illuminate\Routing\Middleware\ThrottleRequests.php(87): Illuminate\Routing\Middleware\ThrottleRequests->handleRequestUsingNamedLimiter(Object(Illuminate\Http\Request), Object(Closure), 'api', Object(Closure))
#15 C:\Users\duong\Desktop\facebookmanagement\vendor\laravel\framework\src\Illuminate\Pipeline\Pipeline.php(183): Illuminate\Routing\Middleware\ThrottleRequests->handle(Object(Illuminate\Http\Request), Object(Closure), 'api')
#16 C:\Users\duong\Desktop\facebookmanagement\vendor\laravel\framework\src\Illuminate\Pipeline\Pipeline.php(119): Illuminate\Pipeline\Pipeline->Illuminate\Pipeline\{closure}(Object(Illuminate\Http\Request))
#17 C:\Users\duong\Desktop\facebookmanagement\vendor\laravel\framework\src\Illuminate\Routing\Router.php(807): Illuminate\Pipeline\Pipeline->then(Object(Closure))
#18 C:\Users\duong\Desktop\facebookmanagement\vendor\laravel\framework\src\Illuminate\Routing\Router.php(784): Illuminate\Routing\Router->runRouteWithinStack(Object(Illuminate\Routing\Route), Object(Illuminate\Http\Request))
#19 C:\Users\duong\Desktop\facebookmanagement\vendor\laravel\framework\src\Illuminate\Routing\Router.php(748): Illuminate\Routing\Router->runRoute(Object(Illuminate\Http\Request), Object(Illuminate\Routing\Route))
#20 C:\Users\duong\Desktop\facebookmanagement\vendor\laravel\framework\src\Illuminate\Routing\Router.php(737): Illuminate\Routing\Router->dispatchToRoute(Object(Illuminate\Http\Request))
#21 C:\Users\duong\Desktop\facebookmanagement\vendor\laravel\framework\src\Illuminate\Foundation\Http\Kernel.php(200): Illuminate\Routing\Router->dispatch(Object(Illuminate\Http\Request))
#22 C:\Users\duong\Desktop\facebookmanagement\vendor\laravel\framework\src\Illuminate\Pipeline\Pipeline.php(144): Illuminate\Foundation\Http\Kernel->Illuminate\Foundation\Http\{closure}(Object(Illuminate\Http\Request))
#23 C:\Users\duong\Desktop\facebookmanagement\vendor\livewire\livewire\src\Features\SupportDisablingBackButtonCache\DisableBackButtonCacheMiddleware.php(19): Illuminate\Pipeline\Pipeline->Illuminate\Pipeline\{closure}(Object(Illuminate\Http\Request))
#24 C:\Users\duong\Desktop\facebookmanagement\vendor\laravel\framework\src\Illuminate\Pipeline\Pipeline.php(183): Livewire\Features\SupportDisablingBackButtonCache\DisableBackButtonCacheMiddleware->handle(Object(Illuminate\Http\Request), Object(Closure))
#25 C:\Users\duong\Desktop\facebookmanagement\vendor\laravel\framework\src\Illuminate\Foundation\Http\Middleware\TransformsRequest.php(21): Illuminate\Pipeline\Pipeline->Illuminate\Pipeline\{closure}(Object(Illuminate\Http\Request))
#26 C:\Users\duong\Desktop\facebookmanagement\vendor\laravel\framework\src\Illuminate\Foundation\Http\Middleware\ConvertEmptyStringsToNull.php(31): Illuminate\Foundation\Http\Middleware\TransformsRequest->handle(Object(Illuminate\Http\Request), Object(Closure))
#27 C:\Users\duong\Desktop\facebookmanagement\vendor\laravel\framework\src\Illuminate\Pipeline\Pipeline.php(183): Illuminate\Foundation\Http\Middleware\ConvertEmptyStringsToNull->handle(Object(Illuminate\Http\Request), Object(Closure))
#28 C:\Users\duong\Desktop\facebookmanagement\vendor\laravel\framework\src\Illuminate\Foundation\Http\Middleware\TransformsRequest.php(21): Illuminate\Pipeline\Pipeline->Illuminate\Pipeline\{closure}(Object(Illuminate\Http\Request))
#29 C:\Users\duong\Desktop\facebookmanagement\vendor\laravel\framework\src\Illuminate\Foundation\Http\Middleware\TrimStrings.php(40): Illuminate\Foundation\Http\Middleware\TransformsRequest->handle(Object(Illuminate\Http\Request), Object(Closure))
#30 C:\Users\duong\Desktop\facebookmanagement\vendor\laravel\framework\src\Illuminate\Pipeline\Pipeline.php(183): Illuminate\Foundation\Http\Middleware\TrimStrings->handle(Object(Illuminate\Http\Request), Object(Closure))
#31 C:\Users\duong\Desktop\facebookmanagement\vendor\laravel\framework\src\Illuminate\Foundation\Http\Middleware\ValidatePostSize.php(27): Illuminate\Pipeline\Pipeline->Illuminate\Pipeline\{closure}(Object(Illuminate\Http\Request))
#32 C:\Users\duong\Desktop\facebookmanagement\vendor\laravel\framework\src\Illuminate\Pipeline\Pipeline.php(183): Illuminate\Foundation\Http\Middleware\ValidatePostSize->handle(Object(Illuminate\Http\Request), Object(Closure))
#33 C:\Users\duong\Desktop\facebookmanagement\vendor\laravel\framework\src\Illuminate\Foundation\Http\Middleware\PreventRequestsDuringMaintenance.php(99): Illuminate\Pipeline\Pipeline->Illuminate\Pipeline\{closure}(Object(Illuminate\Http\Request))
#34 C:\Users\duong\Desktop\facebookmanagement\vendor\laravel\framework\src\Illuminate\Pipeline\Pipeline.php(183): Illuminate\Foundation\Http\Middleware\PreventRequestsDuringMaintenance->handle(Object(Illuminate\Http\Request), Object(Closure))
#35 C:\Users\duong\Desktop\facebookmanagement\vendor\laravel\framework\src\Illuminate\Http\Middleware\HandleCors.php(62): Illuminate\Pipeline\Pipeline->Illuminate\Pipeline\{closure}(Object(Illuminate\Http\Request))
#36 C:\Users\duong\Desktop\facebookmanagement\vendor\laravel\framework\src\Illuminate\Pipeline\Pipeline.php(183): Illuminate\Http\Middleware\HandleCors->handle(Object(Illuminate\Http\Request), Object(Closure))
#37 C:\Users\duong\Desktop\facebookmanagement\vendor\laravel\framework\src\Illuminate\Http\Middleware\TrustProxies.php(39): Illuminate\Pipeline\Pipeline->Illuminate\Pipeline\{closure}(Object(Illuminate\Http\Request))
#38 C:\Users\duong\Desktop\facebookmanagement\vendor\laravel\framework\src\Illuminate\Pipeline\Pipeline.php(183): Illuminate\Http\Middleware\TrustProxies->handle(Object(Illuminate\Http\Request), Object(Closure))
#39 C:\Users\duong\Desktop\facebookmanagement\vendor\laravel\framework\src\Illuminate\Pipeline\Pipeline.php(119): Illuminate\Pipeline\Pipeline->Illuminate\Pipeline\{closure}(Object(Illuminate\Http\Request))
#40 C:\Users\duong\Desktop\facebookmanagement\vendor\laravel\framework\src\Illuminate\Foundation\Http\Kernel.php(175): Illuminate\Pipeline\Pipeline->then(Object(Closure))
#41 C:\Users\duong\Desktop\facebookmanagement\vendor\laravel\framework\src\Illuminate\Foundation\Http\Kernel.php(144): Illuminate\Foundation\Http\Kernel->sendRequestThroughRouter(Object(Illuminate\Http\Request))
#42 C:\Users\duong\Desktop\facebookmanagement\public\index.php(52): Illuminate\Foundation\Http\Kernel->handle(Object(Illuminate\Http\Request))
#43 C:\Users\duong\Desktop\facebookmanagement\vendor\laravel\framework\src\Illuminate\Foundation\resources\server.php(16): require_once('C:\\Users\\duong\\...')
#44 {main}  
[2024-04-11 17:09:53] local.INFO: Exception  
[2024-04-11 17:09:53] local.ERROR: Symfony\Component\HttpKernel\Exception\NotFoundHttpException: The route admin/content could not be found. in C:\Users\duong\Desktop\facebookmanagement\vendor\laravel\framework\src\Illuminate\Routing\AbstractRouteCollection.php:44
Stack trace:
#0 C:\Users\duong\Desktop\facebookmanagement\vendor\laravel\framework\src\Illuminate\Routing\RouteCollection.php(162): Illuminate\Routing\AbstractRouteCollection->handleMatchedRoute(Object(Illuminate\Http\Request), NULL)
#1 C:\Users\duong\Desktop\facebookmanagement\vendor\laravel\framework\src\Illuminate\Routing\Router.php(761): Illuminate\Routing\RouteCollection->match(Object(Illuminate\Http\Request))
#2 C:\Users\duong\Desktop\facebookmanagement\vendor\laravel\framework\src\Illuminate\Routing\Router.php(748): Illuminate\Routing\Router->findRoute(Object(Illuminate\Http\Request))
#3 C:\Users\duong\Desktop\facebookmanagement\vendor\laravel\framework\src\Illuminate\Routing\Router.php(737): Illuminate\Routing\Router->dispatchToRoute(Object(Illuminate\Http\Request))
#4 C:\Users\duong\Desktop\facebookmanagement\vendor\laravel\framework\src\Illuminate\Foundation\Http\Kernel.php(200): Illuminate\Routing\Router->dispatch(Object(Illuminate\Http\Request))
#5 C:\Users\duong\Desktop\facebookmanagement\vendor\laravel\framework\src\Illuminate\Pipeline\Pipeline.php(144): Illuminate\Foundation\Http\Kernel->Illuminate\Foundation\Http\{closure}(Object(Illuminate\Http\Request))
#6 C:\Users\duong\Desktop\facebookmanagement\vendor\livewire\livewire\src\Features\SupportDisablingBackButtonCache\DisableBackButtonCacheMiddleware.php(19): Illuminate\Pipeline\Pipeline->Illuminate\Pipeline\{closure}(Object(Illuminate\Http\Request))
#7 C:\Users\duong\Desktop\facebookmanagement\vendor\laravel\framework\src\Illuminate\Pipeline\Pipeline.php(183): Livewire\Features\SupportDisablingBackButtonCache\DisableBackButtonCacheMiddleware->handle(Object(Illuminate\Http\Request), Object(Closure))
#8 C:\Users\duong\Desktop\facebookmanagement\vendor\laravel\framework\src\Illuminate\Foundation\Http\Middleware\TransformsRequest.php(21): Illuminate\Pipeline\Pipeline->Illuminate\Pipeline\{closure}(Object(Illuminate\Http\Request))
#9 C:\Users\duong\Desktop\facebookmanagement\vendor\laravel\framework\src\Illuminate\Foundation\Http\Middleware\ConvertEmptyStringsToNull.php(31): Illuminate\Foundation\Http\Middleware\TransformsRequest->handle(Object(Illuminate\Http\Request), Object(Closure))
#10 C:\Users\duong\Desktop\facebookmanagement\vendor\laravel\framework\src\Illuminate\Pipeline\Pipeline.php(183): Illuminate\Foundation\Http\Middleware\ConvertEmptyStringsToNull->handle(Object(Illuminate\Http\Request), Object(Closure))
#11 C:\Users\duong\Desktop\facebookmanagement\vendor\laravel\framework\src\Illuminate\Foundation\Http\Middleware\TransformsRequest.php(21): Illuminate\Pipeline\Pipeline->Illuminate\Pipeline\{closure}(Object(Illuminate\Http\Request))
#12 C:\Users\duong\Desktop\facebookmanagement\vendor\laravel\framework\src\Illuminate\Foundation\Http\Middleware\TrimStrings.php(40): Illuminate\Foundation\Http\Middleware\TransformsRequest->handle(Object(Illuminate\Http\Request), Object(Closure))
#13 C:\Users\duong\Desktop\facebookmanagement\vendor\laravel\framework\src\Illuminate\Pipeline\Pipeline.php(183): Illuminate\Foundation\Http\Middleware\TrimStrings->handle(Object(Illuminate\Http\Request), Object(Closure))
#14 C:\Users\duong\Desktop\facebookmanagement\vendor\laravel\framework\src\Illuminate\Foundation\Http\Middleware\ValidatePostSize.php(27): Illuminate\Pipeline\Pipeline->Illuminate\Pipeline\{closure}(Object(Illuminate\Http\Request))
#15 C:\Users\duong\Desktop\facebookmanagement\vendor\laravel\framework\src\Illuminate\Pipeline\Pipeline.php(183): Illuminate\Foundation\Http\Middleware\ValidatePostSize->handle(Object(Illuminate\Http\Request), Object(Closure))
#16 C:\Users\duong\Desktop\facebookmanagement\vendor\laravel\framework\src\Illuminate\Foundation\Http\Middleware\PreventRequestsDuringMaintenance.php(99): Illuminate\Pipeline\Pipeline->Illuminate\Pipeline\{closure}(Object(Illuminate\Http\Request))
#17 C:\Users\duong\Desktop\facebookmanagement\vendor\laravel\framework\src\Illuminate\Pipeline\Pipeline.php(183): Illuminate\Foundation\Http\Middleware\PreventRequestsDuringMaintenance->handle(Object(Illuminate\Http\Request), Object(Closure))
#18 C:\Users\duong\Desktop\facebookmanagement\vendor\laravel\framework\src\Illuminate\Http\Middleware\HandleCors.php(49): Illuminate\Pipeline\Pipeline->Illuminate\Pipeline\{closure}(Object(Illuminate\Http\Request))
#19 C:\Users\duong\Desktop\facebookmanagement\vendor\laravel\framework\src\Illuminate\Pipeline\Pipeline.php(183): Illuminate\Http\Middleware\HandleCors->handle(Object(Illuminate\Http\Request), Object(Closure))
#20 C:\Users\duong\Desktop\facebookmanagement\vendor\laravel\framework\src\Illuminate\Http\Middleware\TrustProxies.php(39): Illuminate\Pipeline\Pipeline->Illuminate\Pipeline\{closure}(Object(Illuminate\Http\Request))
#21 C:\Users\duong\Desktop\facebookmanagement\vendor\laravel\framework\src\Illuminate\Pipeline\Pipeline.php(183): Illuminate\Http\Middleware\TrustProxies->handle(Object(Illuminate\Http\Request), Object(Closure))
#22 C:\Users\duong\Desktop\facebookmanagement\vendor\laravel\framework\src\Illuminate\Pipeline\Pipeline.php(119): Illuminate\Pipeline\Pipeline->Illuminate\Pipeline\{closure}(Object(Illuminate\Http\Request))
#23 C:\Users\duong\Desktop\facebookmanagement\vendor\laravel\framework\src\Illuminate\Foundation\Http\Kernel.php(175): Illuminate\Pipeline\Pipeline->then(Object(Closure))
#24 C:\Users\duong\Desktop\facebookmanagement\vendor\laravel\framework\src\Illuminate\Foundation\Http\Kernel.php(144): Illuminate\Foundation\Http\Kernel->sendRequestThroughRouter(Object(Illuminate\Http\Request))
#25 C:\Users\duong\Desktop\facebookmanagement\public\index.php(52): Illuminate\Foundation\Http\Kernel->handle(Object(Illuminate\Http\Request))
#26 C:\Users\duong\Desktop\facebookmanagement\vendor\laravel\framework\src\Illuminate\Foundation\resources\server.php(16): require_once('C:\\Users\\duong\\...')
#27 {main}  
[2024-04-11 17:11:01] local.INFO: Exception  
[2024-04-11 17:11:01] local.ERROR: Symfony\Component\HttpKernel\Exception\NotFoundHttpException: The route admin/content could not be found. in C:\Users\duong\Desktop\facebookmanagement\vendor\laravel\framework\src\Illuminate\Routing\AbstractRouteCollection.php:44
Stack trace:
#0 C:\Users\duong\Desktop\facebookmanagement\vendor\laravel\framework\src\Illuminate\Routing\RouteCollection.php(162): Illuminate\Routing\AbstractRouteCollection->handleMatchedRoute(Object(Illuminate\Http\Request), NULL)
#1 C:\Users\duong\Desktop\facebookmanagement\vendor\laravel\framework\src\Illuminate\Routing\Router.php(761): Illuminate\Routing\RouteCollection->match(Object(Illuminate\Http\Request))
#2 C:\Users\duong\Desktop\facebookmanagement\vendor\laravel\framework\src\Illuminate\Routing\Router.php(748): Illuminate\Routing\Router->findRoute(Object(Illuminate\Http\Request))
#3 C:\Users\duong\Desktop\facebookmanagement\vendor\laravel\framework\src\Illuminate\Routing\Router.php(737): Illuminate\Routing\Router->dispatchToRoute(Object(Illuminate\Http\Request))
#4 C:\Users\duong\Desktop\facebookmanagement\vendor\laravel\framework\src\Illuminate\Foundation\Http\Kernel.php(200): Illuminate\Routing\Router->dispatch(Object(Illuminate\Http\Request))
#5 C:\Users\duong\Desktop\facebookmanagement\vendor\laravel\framework\src\Illuminate\Pipeline\Pipeline.php(144): Illuminate\Foundation\Http\Kernel->Illuminate\Foundation\Http\{closure}(Object(Illuminate\Http\Request))
#6 C:\Users\duong\Desktop\facebookmanagement\vendor\livewire\livewire\src\Features\SupportDisablingBackButtonCache\DisableBackButtonCacheMiddleware.php(19): Illuminate\Pipeline\Pipeline->Illuminate\Pipeline\{closure}(Object(Illuminate\Http\Request))
#7 C:\Users\duong\Desktop\facebookmanagement\vendor\laravel\framework\src\Illuminate\Pipeline\Pipeline.php(183): Livewire\Features\SupportDisablingBackButtonCache\DisableBackButtonCacheMiddleware->handle(Object(Illuminate\Http\Request), Object(Closure))
#8 C:\Users\duong\Desktop\facebookmanagement\vendor\laravel\framework\src\Illuminate\Foundation\Http\Middleware\TransformsRequest.php(21): Illuminate\Pipeline\Pipeline->Illuminate\Pipeline\{closure}(Object(Illuminate\Http\Request))
#9 C:\Users\duong\Desktop\facebookmanagement\vendor\laravel\framework\src\Illuminate\Foundation\Http\Middleware\ConvertEmptyStringsToNull.php(31): Illuminate\Foundation\Http\Middleware\TransformsRequest->handle(Object(Illuminate\Http\Request), Object(Closure))
#10 C:\Users\duong\Desktop\facebookmanagement\vendor\laravel\framework\src\Illuminate\Pipeline\Pipeline.php(183): Illuminate\Foundation\Http\Middleware\ConvertEmptyStringsToNull->handle(Object(Illuminate\Http\Request), Object(Closure))
#11 C:\Users\duong\Desktop\facebookmanagement\vendor\laravel\framework\src\Illuminate\Foundation\Http\Middleware\TransformsRequest.php(21): Illuminate\Pipeline\Pipeline->Illuminate\Pipeline\{closure}(Object(Illuminate\Http\Request))
#12 C:\Users\duong\Desktop\facebookmanagement\vendor\laravel\framework\src\Illuminate\Foundation\Http\Middleware\TrimStrings.php(40): Illuminate\Foundation\Http\Middleware\TransformsRequest->handle(Object(Illuminate\Http\Request), Object(Closure))
#13 C:\Users\duong\Desktop\facebookmanagement\vendor\laravel\framework\src\Illuminate\Pipeline\Pipeline.php(183): Illuminate\Foundation\Http\Middleware\TrimStrings->handle(Object(Illuminate\Http\Request), Object(Closure))
#14 C:\Users\duong\Desktop\facebookmanagement\vendor\laravel\framework\src\Illuminate\Foundation\Http\Middleware\ValidatePostSize.php(27): Illuminate\Pipeline\Pipeline->Illuminate\Pipeline\{closure}(Object(Illuminate\Http\Request))
#15 C:\Users\duong\Desktop\facebookmanagement\vendor\laravel\framework\src\Illuminate\Pipeline\Pipeline.php(183): Illuminate\Foundation\Http\Middleware\ValidatePostSize->handle(Object(Illuminate\Http\Request), Object(Closure))
#16 C:\Users\duong\Desktop\facebookmanagement\vendor\laravel\framework\src\Illuminate\Foundation\Http\Middleware\PreventRequestsDuringMaintenance.php(99): Illuminate\Pipeline\Pipeline->Illuminate\Pipeline\{closure}(Object(Illuminate\Http\Request))
#17 C:\Users\duong\Desktop\facebookmanagement\vendor\laravel\framework\src\Illuminate\Pipeline\Pipeline.php(183): Illuminate\Foundation\Http\Middleware\PreventRequestsDuringMaintenance->handle(Object(Illuminate\Http\Request), Object(Closure))
#18 C:\Users\duong\Desktop\facebookmanagement\vendor\laravel\framework\src\Illuminate\Http\Middleware\HandleCors.php(49): Illuminate\Pipeline\Pipeline->Illuminate\Pipeline\{closure}(Object(Illuminate\Http\Request))
#19 C:\Users\duong\Desktop\facebookmanagement\vendor\laravel\framework\src\Illuminate\Pipeline\Pipeline.php(183): Illuminate\Http\Middleware\HandleCors->handle(Object(Illuminate\Http\Request), Object(Closure))
#20 C:\Users\duong\Desktop\facebookmanagement\vendor\laravel\framework\src\Illuminate\Http\Middleware\TrustProxies.php(39): Illuminate\Pipeline\Pipeline->Illuminate\Pipeline\{closure}(Object(Illuminate\Http\Request))
#21 C:\Users\duong\Desktop\facebookmanagement\vendor\laravel\framework\src\Illuminate\Pipeline\Pipeline.php(183): Illuminate\Http\Middleware\TrustProxies->handle(Object(Illuminate\Http\Request), Object(Closure))
#22 C:\Users\duong\Desktop\facebookmanagement\vendor\laravel\framework\src\Illuminate\Pipeline\Pipeline.php(119): Illuminate\Pipeline\Pipeline->Illuminate\Pipeline\{closure}(Object(Illuminate\Http\Request))
#23 C:\Users\duong\Desktop\facebookmanagement\vendor\laravel\framework\src\Illuminate\Foundation\Http\Kernel.php(175): Illuminate\Pipeline\Pipeline->then(Object(Closure))
#24 C:\Users\duong\Desktop\facebookmanagement\vendor\laravel\framework\src\Illuminate\Foundation\Http\Kernel.php(144): Illuminate\Foundation\Http\Kernel->sendRequestThroughRouter(Object(Illuminate\Http\Request))
#25 C:\Users\duong\Desktop\facebookmanagement\public\index.php(52): Illuminate\Foundation\Http\Kernel->handle(Object(Illuminate\Http\Request))
#26 C:\Users\duong\Desktop\facebookmanagement\vendor\laravel\framework\src\Illuminate\Foundation\resources\server.php(16): require_once('C:\\Users\\duong\\...')
#27 {main}  
[2024-04-11 17:11:09] local.INFO: Exception  
[2024-04-11 17:11:09] local.ERROR: Symfony\Component\HttpKernel\Exception\NotFoundHttpException: The route admin/content could not be found. in C:\Users\duong\Desktop\facebookmanagement\vendor\laravel\framework\src\Illuminate\Routing\AbstractRouteCollection.php:44
Stack trace:
#0 C:\Users\duong\Desktop\facebookmanagement\vendor\laravel\framework\src\Illuminate\Routing\RouteCollection.php(162): Illuminate\Routing\AbstractRouteCollection->handleMatchedRoute(Object(Illuminate\Http\Request), NULL)
#1 C:\Users\duong\Desktop\facebookmanagement\vendor\laravel\framework\src\Illuminate\Routing\Router.php(761): Illuminate\Routing\RouteCollection->match(Object(Illuminate\Http\Request))
#2 C:\Users\duong\Desktop\facebookmanagement\vendor\laravel\framework\src\Illuminate\Routing\Router.php(748): Illuminate\Routing\Router->findRoute(Object(Illuminate\Http\Request))
#3 C:\Users\duong\Desktop\facebookmanagement\vendor\laravel\framework\src\Illuminate\Routing\Router.php(737): Illuminate\Routing\Router->dispatchToRoute(Object(Illuminate\Http\Request))
#4 C:\Users\duong\Desktop\facebookmanagement\vendor\laravel\framework\src\Illuminate\Foundation\Http\Kernel.php(200): Illuminate\Routing\Router->dispatch(Object(Illuminate\Http\Request))
#5 C:\Users\duong\Desktop\facebookmanagement\vendor\laravel\framework\src\Illuminate\Pipeline\Pipeline.php(144): Illuminate\Foundation\Http\Kernel->Illuminate\Foundation\Http\{closure}(Object(Illuminate\Http\Request))
#6 C:\Users\duong\Desktop\facebookmanagement\vendor\livewire\livewire\src\Features\SupportDisablingBackButtonCache\DisableBackButtonCacheMiddleware.php(19): Illuminate\Pipeline\Pipeline->Illuminate\Pipeline\{closure}(Object(Illuminate\Http\Request))
#7 C:\Users\duong\Desktop\facebookmanagement\vendor\laravel\framework\src\Illuminate\Pipeline\Pipeline.php(183): Livewire\Features\SupportDisablingBackButtonCache\DisableBackButtonCacheMiddleware->handle(Object(Illuminate\Http\Request), Object(Closure))
#8 C:\Users\duong\Desktop\facebookmanagement\vendor\laravel\framework\src\Illuminate\Foundation\Http\Middleware\TransformsRequest.php(21): Illuminate\Pipeline\Pipeline->Illuminate\Pipeline\{closure}(Object(Illuminate\Http\Request))
#9 C:\Users\duong\Desktop\facebookmanagement\vendor\laravel\framework\src\Illuminate\Foundation\Http\Middleware\ConvertEmptyStringsToNull.php(31): Illuminate\Foundation\Http\Middleware\TransformsRequest->handle(Object(Illuminate\Http\Request), Object(Closure))
#10 C:\Users\duong\Desktop\facebookmanagement\vendor\laravel\framework\src\Illuminate\Pipeline\Pipeline.php(183): Illuminate\Foundation\Http\Middleware\ConvertEmptyStringsToNull->handle(Object(Illuminate\Http\Request), Object(Closure))
#11 C:\Users\duong\Desktop\facebookmanagement\vendor\laravel\framework\src\Illuminate\Foundation\Http\Middleware\TransformsRequest.php(21): Illuminate\Pipeline\Pipeline->Illuminate\Pipeline\{closure}(Object(Illuminate\Http\Request))
#12 C:\Users\duong\Desktop\facebookmanagement\vendor\laravel\framework\src\Illuminate\Foundation\Http\Middleware\TrimStrings.php(40): Illuminate\Foundation\Http\Middleware\TransformsRequest->handle(Object(Illuminate\Http\Request), Object(Closure))
#13 C:\Users\duong\Desktop\facebookmanagement\vendor\laravel\framework\src\Illuminate\Pipeline\Pipeline.php(183): Illuminate\Foundation\Http\Middleware\TrimStrings->handle(Object(Illuminate\Http\Request), Object(Closure))
#14 C:\Users\duong\Desktop\facebookmanagement\vendor\laravel\framework\src\Illuminate\Foundation\Http\Middleware\ValidatePostSize.php(27): Illuminate\Pipeline\Pipeline->Illuminate\Pipeline\{closure}(Object(Illuminate\Http\Request))
#15 C:\Users\duong\Desktop\facebookmanagement\vendor\laravel\framework\src\Illuminate\Pipeline\Pipeline.php(183): Illuminate\Foundation\Http\Middleware\ValidatePostSize->handle(Object(Illuminate\Http\Request), Object(Closure))
#16 C:\Users\duong\Desktop\facebookmanagement\vendor\laravel\framework\src\Illuminate\Foundation\Http\Middleware\PreventRequestsDuringMaintenance.php(99): Illuminate\Pipeline\Pipeline->Illuminate\Pipeline\{closure}(Object(Illuminate\Http\Request))
#17 C:\Users\duong\Desktop\facebookmanagement\vendor\laravel\framework\src\Illuminate\Pipeline\Pipeline.php(183): Illuminate\Foundation\Http\Middleware\PreventRequestsDuringMaintenance->handle(Object(Illuminate\Http\Request), Object(Closure))
#18 C:\Users\duong\Desktop\facebookmanagement\vendor\laravel\framework\src\Illuminate\Http\Middleware\HandleCors.php(49): Illuminate\Pipeline\Pipeline->Illuminate\Pipeline\{closure}(Object(Illuminate\Http\Request))
#19 C:\Users\duong\Desktop\facebookmanagement\vendor\laravel\framework\src\Illuminate\Pipeline\Pipeline.php(183): Illuminate\Http\Middleware\HandleCors->handle(Object(Illuminate\Http\Request), Object(Closure))
#20 C:\Users\duong\Desktop\facebookmanagement\vendor\laravel\framework\src\Illuminate\Http\Middleware\TrustProxies.php(39): Illuminate\Pipeline\Pipeline->Illuminate\Pipeline\{closure}(Object(Illuminate\Http\Request))
#21 C:\Users\duong\Desktop\facebookmanagement\vendor\laravel\framework\src\Illuminate\Pipeline\Pipeline.php(183): Illuminate\Http\Middleware\TrustProxies->handle(Object(Illuminate\Http\Request), Object(Closure))
#22 C:\Users\duong\Desktop\facebookmanagement\vendor\laravel\framework\src\Illuminate\Pipeline\Pipeline.php(119): Illuminate\Pipeline\Pipeline->Illuminate\Pipeline\{closure}(Object(Illuminate\Http\Request))
#23 C:\Users\duong\Desktop\facebookmanagement\vendor\laravel\framework\src\Illuminate\Foundation\Http\Kernel.php(175): Illuminate\Pipeline\Pipeline->then(Object(Closure))
#24 C:\Users\duong\Desktop\facebookmanagement\vendor\laravel\framework\src\Illuminate\Foundation\Http\Kernel.php(144): Illuminate\Foundation\Http\Kernel->sendRequestThroughRouter(Object(Illuminate\Http\Request))
#25 C:\Users\duong\Desktop\facebookmanagement\public\index.php(52): Illuminate\Foundation\Http\Kernel->handle(Object(Illuminate\Http\Request))
#26 C:\Users\duong\Desktop\facebookmanagement\vendor\laravel\framework\src\Illuminate\Foundation\resources\server.php(16): require_once('C:\\Users\\duong\\...')
#27 {main}  
