[2024-04-12 16:42:27] local.INFO: Exception  
[2024-04-12 16:42:27] local.ERROR: Symfony\Component\HttpKernel\Exception\NotFoundHttpException: The route template/user/plugins/fontawesome-free/css/all.min.css could not be found. in C:\Users\duong\Desktop\facebookmanagement\vendor\laravel\framework\src\Illuminate\Routing\AbstractRouteCollection.php:44
Stack trace:
#0 C:\Users\duong\Desktop\facebookmanagement\vendor\laravel\framework\src\Illuminate\Routing\RouteCollection.php(162): Illuminate\Routing\AbstractRouteCollection->handleMatchedRoute(Object(Illuminate\Http\Request), NULL)
#1 C:\Users\duong\Desktop\facebookmanagement\vendor\laravel\framework\src\Illuminate\Routing\Router.php(761): Illuminate\Routing\RouteCollection->match(Object(Illuminate\Http\Request))
#2 C:\Users\duong\Desktop\facebookmanagement\vendor\laravel\framework\src\Illuminate\Routing\Router.php(748): Illuminate\Routing\Router->findRoute(Object(Illuminate\Http\Request))
#3 C:\Users\duong\Desktop\facebookmanagement\vendor\laravel\framework\src\Illuminate\Routing\Router.php(737): Illuminate\Routing\Router->dispatchToRoute(Object(Illuminate\Http\Request))
#4 C:\Users\duong\Desktop\facebookmanagement\vendor\laravel\framework\src\Illuminate\Foundation\Http\Kernel.php(200): Illuminate\Routing\Router->dispatch(Object(Illuminate\Http\Request))
#5 C:\Users\duong\Desktop\facebookmanagement\vendor\laravel\framework\src\Illuminate\Pipeline\Pipeline.php(144): Illuminate\Foundation\Http\Kernel->Illuminate\Foundation\Http\{closure}(Object(Illuminate\Http\Request))
#6 C:\Users\duong\Desktop\facebookmanagement\vendor\livewire\livewire\src\Features\SupportDisablingBackButtonCache\DisableBackButtonCacheMiddleware.php(19): Illuminate\Pipeline\Pipeline->Illuminate\Pipeline\{closure}(Object(Illuminate\Http\Request))
#7 C:\Users\duong\Desktop\facebookmanagement\vendor\laravel\framework\src\Illuminate\Pipeline\Pipeline.php(183): Livewire\Features\SupportDisablingBackButtonCache\DisableBackButtonCacheMiddleware->handle(Object(Illuminate\Http\Request), Object(Closure))
#8 C:\Users\duong\Desktop\facebookmanagement\vendor\laravel\framework\src\Illuminate\Foundation\Http\Middleware\TransformsRequest.php(21): Illuminate\Pipeline\Pipeline->Illuminate\Pipeline\{closure}(Object(Illuminate\Http\Request))
#9 C:\Users\duong\Desktop\facebookmanagement\vendor\laravel\framework\src\Illuminate\Foundation\Http\Middleware\ConvertEmptyStringsToNull.php(31): Illuminate\Foundation\Http\Middleware\TransformsRequest->handle(Object(Illuminate\Http\Request), Object(Closure))
#10 C:\Users\duong\Desktop\facebookmanagement\vendor\laravel\framework\src\Illuminate\Pipeline\Pipeline.php(183): Illuminate\Foundation\Http\Middleware\ConvertEmptyStringsToNull->handle(Object(Illuminate\Http\Request), Object(Closure))
#11 C:\Users\duong\Desktop\facebookmanagement\vendor\laravel\framework\src\Illuminate\Foundation\Http\Middleware\TransformsRequest.php(21): Illuminate\Pipeline\Pipeline->Illuminate\Pipeline\{closure}(Object(Illuminate\Http\Request))
#12 C:\Users\duong\Desktop\facebookmanagement\vendor\laravel\framework\src\Illuminate\Foundation\Http\Middleware\TrimStrings.php(40): Illuminate\Foundation\Http\Middleware\TransformsRequest->handle(Object(Illuminate\Http\Request), Object(Closure))
#13 C:\Users\duong\Desktop\facebookmanagement\vendor\laravel\framework\src\Illuminate\Pipeline\Pipeline.php(183): Illuminate\Foundation\Http\Middleware\TrimStrings->handle(Object(Illuminate\Http\Request), Object(Closure))
#14 C:\Users\duong\Desktop\facebookmanagement\vendor\laravel\framework\src\Illuminate\Foundation\Http\Middleware\ValidatePostSize.php(27): Illuminate\Pipeline\Pipeline->Illuminate\Pipeline\{closure}(Object(Illuminate\Http\Request))
#15 C:\Users\duong\Desktop\facebookmanagement\vendor\laravel\framework\src\Illuminate\Pipeline\Pipeline.php(183): Illuminate\Foundation\Http\Middleware\ValidatePostSize->handle(Object(Illuminate\Http\Request), Object(Closure))
#16 C:\Users\duong\Desktop\facebookmanagement\vendor\laravel\framework\src\Illuminate\Foundation\Http\Middleware\PreventRequestsDuringMaintenance.php(99): Illuminate\Pipeline\Pipeline->Illuminate\Pipeline\{closure}(Object(Illuminate\Http\Request))
#17 C:\Users\duong\Desktop\facebookmanagement\vendor\laravel\framework\src\Illuminate\Pipeline\Pipeline.php(183): Illuminate\Foundation\Http\Middleware\PreventRequestsDuringMaintenance->handle(Object(Illuminate\Http\Request), Object(Closure))
#18 C:\Users\duong\Desktop\facebookmanagement\vendor\laravel\framework\src\Illuminate\Http\Middleware\HandleCors.php(49): Illuminate\Pipeline\Pipeline->Illuminate\Pipeline\{closure}(Object(Illuminate\Http\Request))
#19 C:\Users\duong\Desktop\facebookmanagement\vendor\laravel\framework\src\Illuminate\Pipeline\Pipeline.php(183): Illuminate\Http\Middleware\HandleCors->handle(Object(Illuminate\Http\Request), Object(Closure))
#20 C:\Users\duong\Desktop\facebookmanagement\vendor\laravel\framework\src\Illuminate\Http\Middleware\TrustProxies.php(39): Illuminate\Pipeline\Pipeline->Illuminate\Pipeline\{closure}(Object(Illuminate\Http\Request))
#21 C:\Users\duong\Desktop\facebookmanagement\vendor\laravel\framework\src\Illuminate\Pipeline\Pipeline.php(183): Illuminate\Http\Middleware\TrustProxies->handle(Object(Illuminate\Http\Request), Object(Closure))
#22 C:\Users\duong\Desktop\facebookmanagement\vendor\laravel\framework\src\Illuminate\Pipeline\Pipeline.php(119): Illuminate\Pipeline\Pipeline->Illuminate\Pipeline\{closure}(Object(Illuminate\Http\Request))
#23 C:\Users\duong\Desktop\facebookmanagement\vendor\laravel\framework\src\Illuminate\Foundation\Http\Kernel.php(175): Illuminate\Pipeline\Pipeline->then(Object(Closure))
#24 C:\Users\duong\Desktop\facebookmanagement\vendor\laravel\framework\src\Illuminate\Foundation\Http\Kernel.php(144): Illuminate\Foundation\Http\Kernel->sendRequestThroughRouter(Object(Illuminate\Http\Request))
#25 C:\Users\duong\Desktop\facebookmanagement\public\index.php(52): Illuminate\Foundation\Http\Kernel->handle(Object(Illuminate\Http\Request))
#26 C:\Users\duong\Desktop\facebookmanagement\vendor\laravel\framework\src\Illuminate\Foundation\resources\server.php(16): require_once('C:\\Users\\duong\\...')
#27 {main}  
[2024-04-12 16:42:28] local.INFO: Exception  
[2024-04-12 16:42:28] local.ERROR: Symfony\Component\HttpKernel\Exception\NotFoundHttpException: The route template/user/plugins/icheck-bootstrap/icheck-bootstrap.min.css could not be found. in C:\Users\duong\Desktop\facebookmanagement\vendor\laravel\framework\src\Illuminate\Routing\AbstractRouteCollection.php:44
Stack trace:
#0 C:\Users\duong\Desktop\facebookmanagement\vendor\laravel\framework\src\Illuminate\Routing\RouteCollection.php(162): Illuminate\Routing\AbstractRouteCollection->handleMatchedRoute(Object(Illuminate\Http\Request), NULL)
#1 C:\Users\duong\Desktop\facebookmanagement\vendor\laravel\framework\src\Illuminate\Routing\Router.php(761): Illuminate\Routing\RouteCollection->match(Object(Illuminate\Http\Request))
#2 C:\Users\duong\Desktop\facebookmanagement\vendor\laravel\framework\src\Illuminate\Routing\Router.php(748): Illuminate\Routing\Router->findRoute(Object(Illuminate\Http\Request))
#3 C:\Users\duong\Desktop\facebookmanagement\vendor\laravel\framework\src\Illuminate\Routing\Router.php(737): Illuminate\Routing\Router->dispatchToRoute(Object(Illuminate\Http\Request))
#4 C:\Users\duong\Desktop\facebookmanagement\vendor\laravel\framework\src\Illuminate\Foundation\Http\Kernel.php(200): Illuminate\Routing\Router->dispatch(Object(Illuminate\Http\Request))
#5 C:\Users\duong\Desktop\facebookmanagement\vendor\laravel\framework\src\Illuminate\Pipeline\Pipeline.php(144): Illuminate\Foundation\Http\Kernel->Illuminate\Foundation\Http\{closure}(Object(Illuminate\Http\Request))
#6 C:\Users\duong\Desktop\facebookmanagement\vendor\livewire\livewire\src\Features\SupportDisablingBackButtonCache\DisableBackButtonCacheMiddleware.php(19): Illuminate\Pipeline\Pipeline->Illuminate\Pipeline\{closure}(Object(Illuminate\Http\Request))
#7 C:\Users\duong\Desktop\facebookmanagement\vendor\laravel\framework\src\Illuminate\Pipeline\Pipeline.php(183): Livewire\Features\SupportDisablingBackButtonCache\DisableBackButtonCacheMiddleware->handle(Object(Illuminate\Http\Request), Object(Closure))
#8 C:\Users\duong\Desktop\facebookmanagement\vendor\laravel\framework\src\Illuminate\Foundation\Http\Middleware\TransformsRequest.php(21): Illuminate\Pipeline\Pipeline->Illuminate\Pipeline\{closure}(Object(Illuminate\Http\Request))
#9 C:\Users\duong\Desktop\facebookmanagement\vendor\laravel\framework\src\Illuminate\Foundation\Http\Middleware\ConvertEmptyStringsToNull.php(31): Illuminate\Foundation\Http\Middleware\TransformsRequest->handle(Object(Illuminate\Http\Request), Object(Closure))
#10 C:\Users\duong\Desktop\facebookmanagement\vendor\laravel\framework\src\Illuminate\Pipeline\Pipeline.php(183): Illuminate\Foundation\Http\Middleware\ConvertEmptyStringsToNull->handle(Object(Illuminate\Http\Request), Object(Closure))
#11 C:\Users\duong\Desktop\facebookmanagement\vendor\laravel\framework\src\Illuminate\Foundation\Http\Middleware\TransformsRequest.php(21): Illuminate\Pipeline\Pipeline->Illuminate\Pipeline\{closure}(Object(Illuminate\Http\Request))
#12 C:\Users\duong\Desktop\facebookmanagement\vendor\laravel\framework\src\Illuminate\Foundation\Http\Middleware\TrimStrings.php(40): Illuminate\Foundation\Http\Middleware\TransformsRequest->handle(Object(Illuminate\Http\Request), Object(Closure))
#13 C:\Users\duong\Desktop\facebookmanagement\vendor\laravel\framework\src\Illuminate\Pipeline\Pipeline.php(183): Illuminate\Foundation\Http\Middleware\TrimStrings->handle(Object(Illuminate\Http\Request), Object(Closure))
#14 C:\Users\duong\Desktop\facebookmanagement\vendor\laravel\framework\src\Illuminate\Foundation\Http\Middleware\ValidatePostSize.php(27): Illuminate\Pipeline\Pipeline->Illuminate\Pipeline\{closure}(Object(Illuminate\Http\Request))
#15 C:\Users\duong\Desktop\facebookmanagement\vendor\laravel\framework\src\Illuminate\Pipeline\Pipeline.php(183): Illuminate\Foundation\Http\Middleware\ValidatePostSize->handle(Object(Illuminate\Http\Request), Object(Closure))
#16 C:\Users\duong\Desktop\facebookmanagement\vendor\laravel\framework\src\Illuminate\Foundation\Http\Middleware\PreventRequestsDuringMaintenance.php(99): Illuminate\Pipeline\Pipeline->Illuminate\Pipeline\{closure}(Object(Illuminate\Http\Request))
#17 C:\Users\duong\Desktop\facebookmanagement\vendor\laravel\framework\src\Illuminate\Pipeline\Pipeline.php(183): Illuminate\Foundation\Http\Middleware\PreventRequestsDuringMaintenance->handle(Object(Illuminate\Http\Request), Object(Closure))
#18 C:\Users\duong\Desktop\facebookmanagement\vendor\laravel\framework\src\Illuminate\Http\Middleware\HandleCors.php(49): Illuminate\Pipeline\Pipeline->Illuminate\Pipeline\{closure}(Object(Illuminate\Http\Request))
#19 C:\Users\duong\Desktop\facebookmanagement\vendor\laravel\framework\src\Illuminate\Pipeline\Pipeline.php(183): Illuminate\Http\Middleware\HandleCors->handle(Object(Illuminate\Http\Request), Object(Closure))
#20 C:\Users\duong\Desktop\facebookmanagement\vendor\laravel\framework\src\Illuminate\Http\Middleware\TrustProxies.php(39): Illuminate\Pipeline\Pipeline->Illuminate\Pipeline\{closure}(Object(Illuminate\Http\Request))
#21 C:\Users\duong\Desktop\facebookmanagement\vendor\laravel\framework\src\Illuminate\Pipeline\Pipeline.php(183): Illuminate\Http\Middleware\TrustProxies->handle(Object(Illuminate\Http\Request), Object(Closure))
#22 C:\Users\duong\Desktop\facebookmanagement\vendor\laravel\framework\src\Illuminate\Pipeline\Pipeline.php(119): Illuminate\Pipeline\Pipeline->Illuminate\Pipeline\{closure}(Object(Illuminate\Http\Request))
#23 C:\Users\duong\Desktop\facebookmanagement\vendor\laravel\framework\src\Illuminate\Foundation\Http\Kernel.php(175): Illuminate\Pipeline\Pipeline->then(Object(Closure))
#24 C:\Users\duong\Desktop\facebookmanagement\vendor\laravel\framework\src\Illuminate\Foundation\Http\Kernel.php(144): Illuminate\Foundation\Http\Kernel->sendRequestThroughRouter(Object(Illuminate\Http\Request))
#25 C:\Users\duong\Desktop\facebookmanagement\public\index.php(52): Illuminate\Foundation\Http\Kernel->handle(Object(Illuminate\Http\Request))
#26 C:\Users\duong\Desktop\facebookmanagement\vendor\laravel\framework\src\Illuminate\Foundation\resources\server.php(16): require_once('C:\\Users\\duong\\...')
#27 {main}  
[2024-04-12 16:42:28] local.INFO: Exception  
[2024-04-12 16:42:28] local.ERROR: Symfony\Component\HttpKernel\Exception\NotFoundHttpException: The route template/user/dist/css/adminlte.min.css could not be found. in C:\Users\duong\Desktop\facebookmanagement\vendor\laravel\framework\src\Illuminate\Routing\AbstractRouteCollection.php:44
Stack trace:
#0 C:\Users\duong\Desktop\facebookmanagement\vendor\laravel\framework\src\Illuminate\Routing\RouteCollection.php(162): Illuminate\Routing\AbstractRouteCollection->handleMatchedRoute(Object(Illuminate\Http\Request), NULL)
#1 C:\Users\duong\Desktop\facebookmanagement\vendor\laravel\framework\src\Illuminate\Routing\Router.php(761): Illuminate\Routing\RouteCollection->match(Object(Illuminate\Http\Request))
#2 C:\Users\duong\Desktop\facebookmanagement\vendor\laravel\framework\src\Illuminate\Routing\Router.php(748): Illuminate\Routing\Router->findRoute(Object(Illuminate\Http\Request))
#3 C:\Users\duong\Desktop\facebookmanagement\vendor\laravel\framework\src\Illuminate\Routing\Router.php(737): Illuminate\Routing\Router->dispatchToRoute(Object(Illuminate\Http\Request))
#4 C:\Users\duong\Desktop\facebookmanagement\vendor\laravel\framework\src\Illuminate\Foundation\Http\Kernel.php(200): Illuminate\Routing\Router->dispatch(Object(Illuminate\Http\Request))
#5 C:\Users\duong\Desktop\facebookmanagement\vendor\laravel\framework\src\Illuminate\Pipeline\Pipeline.php(144): Illuminate\Foundation\Http\Kernel->Illuminate\Foundation\Http\{closure}(Object(Illuminate\Http\Request))
#6 C:\Users\duong\Desktop\facebookmanagement\vendor\livewire\livewire\src\Features\SupportDisablingBackButtonCache\DisableBackButtonCacheMiddleware.php(19): Illuminate\Pipeline\Pipeline->Illuminate\Pipeline\{closure}(Object(Illuminate\Http\Request))
#7 C:\Users\duong\Desktop\facebookmanagement\vendor\laravel\framework\src\Illuminate\Pipeline\Pipeline.php(183): Livewire\Features\SupportDisablingBackButtonCache\DisableBackButtonCacheMiddleware->handle(Object(Illuminate\Http\Request), Object(Closure))
#8 C:\Users\duong\Desktop\facebookmanagement\vendor\laravel\framework\src\Illuminate\Foundation\Http\Middleware\TransformsRequest.php(21): Illuminate\Pipeline\Pipeline->Illuminate\Pipeline\{closure}(Object(Illuminate\Http\Request))
#9 C:\Users\duong\Desktop\facebookmanagement\vendor\laravel\framework\src\Illuminate\Foundation\Http\Middleware\ConvertEmptyStringsToNull.php(31): Illuminate\Foundation\Http\Middleware\TransformsRequest->handle(Object(Illuminate\Http\Request), Object(Closure))
#10 C:\Users\duong\Desktop\facebookmanagement\vendor\laravel\framework\src\Illuminate\Pipeline\Pipeline.php(183): Illuminate\Foundation\Http\Middleware\ConvertEmptyStringsToNull->handle(Object(Illuminate\Http\Request), Object(Closure))
#11 C:\Users\duong\Desktop\facebookmanagement\vendor\laravel\framework\src\Illuminate\Foundation\Http\Middleware\TransformsRequest.php(21): Illuminate\Pipeline\Pipeline->Illuminate\Pipeline\{closure}(Object(Illuminate\Http\Request))
#12 C:\Users\duong\Desktop\facebookmanagement\vendor\laravel\framework\src\Illuminate\Foundation\Http\Middleware\TrimStrings.php(40): Illuminate\Foundation\Http\Middleware\TransformsRequest->handle(Object(Illuminate\Http\Request), Object(Closure))
#13 C:\Users\duong\Desktop\facebookmanagement\vendor\laravel\framework\src\Illuminate\Pipeline\Pipeline.php(183): Illuminate\Foundation\Http\Middleware\TrimStrings->handle(Object(Illuminate\Http\Request), Object(Closure))
#14 C:\Users\duong\Desktop\facebookmanagement\vendor\laravel\framework\src\Illuminate\Foundation\Http\Middleware\ValidatePostSize.php(27): Illuminate\Pipeline\Pipeline->Illuminate\Pipeline\{closure}(Object(Illuminate\Http\Request))
#15 C:\Users\duong\Desktop\facebookmanagement\vendor\laravel\framework\src\Illuminate\Pipeline\Pipeline.php(183): Illuminate\Foundation\Http\Middleware\ValidatePostSize->handle(Object(Illuminate\Http\Request), Object(Closure))
#16 C:\Users\duong\Desktop\facebookmanagement\vendor\laravel\framework\src\Illuminate\Foundation\Http\Middleware\PreventRequestsDuringMaintenance.php(99): Illuminate\Pipeline\Pipeline->Illuminate\Pipeline\{closure}(Object(Illuminate\Http\Request))
#17 C:\Users\duong\Desktop\facebookmanagement\vendor\laravel\framework\src\Illuminate\Pipeline\Pipeline.php(183): Illuminate\Foundation\Http\Middleware\PreventRequestsDuringMaintenance->handle(Object(Illuminate\Http\Request), Object(Closure))
#18 C:\Users\duong\Desktop\facebookmanagement\vendor\laravel\framework\src\Illuminate\Http\Middleware\HandleCors.php(49): Illuminate\Pipeline\Pipeline->Illuminate\Pipeline\{closure}(Object(Illuminate\Http\Request))
#19 C:\Users\duong\Desktop\facebookmanagement\vendor\laravel\framework\src\Illuminate\Pipeline\Pipeline.php(183): Illuminate\Http\Middleware\HandleCors->handle(Object(Illuminate\Http\Request), Object(Closure))
#20 C:\Users\duong\Desktop\facebookmanagement\vendor\laravel\framework\src\Illuminate\Http\Middleware\TrustProxies.php(39): Illuminate\Pipeline\Pipeline->Illuminate\Pipeline\{closure}(Object(Illuminate\Http\Request))
#21 C:\Users\duong\Desktop\facebookmanagement\vendor\laravel\framework\src\Illuminate\Pipeline\Pipeline.php(183): Illuminate\Http\Middleware\TrustProxies->handle(Object(Illuminate\Http\Request), Object(Closure))
#22 C:\Users\duong\Desktop\facebookmanagement\vendor\laravel\framework\src\Illuminate\Pipeline\Pipeline.php(119): Illuminate\Pipeline\Pipeline->Illuminate\Pipeline\{closure}(Object(Illuminate\Http\Request))
#23 C:\Users\duong\Desktop\facebookmanagement\vendor\laravel\framework\src\Illuminate\Foundation\Http\Kernel.php(175): Illuminate\Pipeline\Pipeline->then(Object(Closure))
#24 C:\Users\duong\Desktop\facebookmanagement\vendor\laravel\framework\src\Illuminate\Foundation\Http\Kernel.php(144): Illuminate\Foundation\Http\Kernel->sendRequestThroughRouter(Object(Illuminate\Http\Request))
#25 C:\Users\duong\Desktop\facebookmanagement\public\index.php(52): Illuminate\Foundation\Http\Kernel->handle(Object(Illuminate\Http\Request))
#26 C:\Users\duong\Desktop\facebookmanagement\vendor\laravel\framework\src\Illuminate\Foundation\resources\server.php(16): require_once('C:\\Users\\duong\\...')
#27 {main}  
[2024-04-12 16:42:28] local.INFO: Exception  
[2024-04-12 16:42:28] local.ERROR: Symfony\Component\HttpKernel\Exception\NotFoundHttpException: The route template/user/plugins/bootstrap/js/bootstrap.bundle.min.js could not be found. in C:\Users\duong\Desktop\facebookmanagement\vendor\laravel\framework\src\Illuminate\Routing\AbstractRouteCollection.php:44
Stack trace:
#0 C:\Users\duong\Desktop\facebookmanagement\vendor\laravel\framework\src\Illuminate\Routing\RouteCollection.php(162): Illuminate\Routing\AbstractRouteCollection->handleMatchedRoute(Object(Illuminate\Http\Request), NULL)
#1 C:\Users\duong\Desktop\facebookmanagement\vendor\laravel\framework\src\Illuminate\Routing\Router.php(761): Illuminate\Routing\RouteCollection->match(Object(Illuminate\Http\Request))
#2 C:\Users\duong\Desktop\facebookmanagement\vendor\laravel\framework\src\Illuminate\Routing\Router.php(748): Illuminate\Routing\Router->findRoute(Object(Illuminate\Http\Request))
#3 C:\Users\duong\Desktop\facebookmanagement\vendor\laravel\framework\src\Illuminate\Routing\Router.php(737): Illuminate\Routing\Router->dispatchToRoute(Object(Illuminate\Http\Request))
#4 C:\Users\duong\Desktop\facebookmanagement\vendor\laravel\framework\src\Illuminate\Foundation\Http\Kernel.php(200): Illuminate\Routing\Router->dispatch(Object(Illuminate\Http\Request))
#5 C:\Users\duong\Desktop\facebookmanagement\vendor\laravel\framework\src\Illuminate\Pipeline\Pipeline.php(144): Illuminate\Foundation\Http\Kernel->Illuminate\Foundation\Http\{closure}(Object(Illuminate\Http\Request))
#6 C:\Users\duong\Desktop\facebookmanagement\vendor\livewire\livewire\src\Features\SupportDisablingBackButtonCache\DisableBackButtonCacheMiddleware.php(19): Illuminate\Pipeline\Pipeline->Illuminate\Pipeline\{closure}(Object(Illuminate\Http\Request))
#7 C:\Users\duong\Desktop\facebookmanagement\vendor\laravel\framework\src\Illuminate\Pipeline\Pipeline.php(183): Livewire\Features\SupportDisablingBackButtonCache\DisableBackButtonCacheMiddleware->handle(Object(Illuminate\Http\Request), Object(Closure))
#8 C:\Users\duong\Desktop\facebookmanagement\vendor\laravel\framework\src\Illuminate\Foundation\Http\Middleware\TransformsRequest.php(21): Illuminate\Pipeline\Pipeline->Illuminate\Pipeline\{closure}(Object(Illuminate\Http\Request))
#9 C:\Users\duong\Desktop\facebookmanagement\vendor\laravel\framework\src\Illuminate\Foundation\Http\Middleware\ConvertEmptyStringsToNull.php(31): Illuminate\Foundation\Http\Middleware\TransformsRequest->handle(Object(Illuminate\Http\Request), Object(Closure))
#10 C:\Users\duong\Desktop\facebookmanagement\vendor\laravel\framework\src\Illuminate\Pipeline\Pipeline.php(183): Illuminate\Foundation\Http\Middleware\ConvertEmptyStringsToNull->handle(Object(Illuminate\Http\Request), Object(Closure))
#11 C:\Users\duong\Desktop\facebookmanagement\vendor\laravel\framework\src\Illuminate\Foundation\Http\Middleware\TransformsRequest.php(21): Illuminate\Pipeline\Pipeline->Illuminate\Pipeline\{closure}(Object(Illuminate\Http\Request))
#12 C:\Users\duong\Desktop\facebookmanagement\vendor\laravel\framework\src\Illuminate\Foundation\Http\Middleware\TrimStrings.php(40): Illuminate\Foundation\Http\Middleware\TransformsRequest->handle(Object(Illuminate\Http\Request), Object(Closure))
#13 C:\Users\duong\Desktop\facebookmanagement\vendor\laravel\framework\src\Illuminate\Pipeline\Pipeline.php(183): Illuminate\Foundation\Http\Middleware\TrimStrings->handle(Object(Illuminate\Http\Request), Object(Closure))
#14 C:\Users\duong\Desktop\facebookmanagement\vendor\laravel\framework\src\Illuminate\Foundation\Http\Middleware\ValidatePostSize.php(27): Illuminate\Pipeline\Pipeline->Illuminate\Pipeline\{closure}(Object(Illuminate\Http\Request))
#15 C:\Users\duong\Desktop\facebookmanagement\vendor\laravel\framework\src\Illuminate\Pipeline\Pipeline.php(183): Illuminate\Foundation\Http\Middleware\ValidatePostSize->handle(Object(Illuminate\Http\Request), Object(Closure))
#16 C:\Users\duong\Desktop\facebookmanagement\vendor\laravel\framework\src\Illuminate\Foundation\Http\Middleware\PreventRequestsDuringMaintenance.php(99): Illuminate\Pipeline\Pipeline->Illuminate\Pipeline\{closure}(Object(Illuminate\Http\Request))
#17 C:\Users\duong\Desktop\facebookmanagement\vendor\laravel\framework\src\Illuminate\Pipeline\Pipeline.php(183): Illuminate\Foundation\Http\Middleware\PreventRequestsDuringMaintenance->handle(Object(Illuminate\Http\Request), Object(Closure))
#18 C:\Users\duong\Desktop\facebookmanagement\vendor\laravel\framework\src\Illuminate\Http\Middleware\HandleCors.php(49): Illuminate\Pipeline\Pipeline->Illuminate\Pipeline\{closure}(Object(Illuminate\Http\Request))
#19 C:\Users\duong\Desktop\facebookmanagement\vendor\laravel\framework\src\Illuminate\Pipeline\Pipeline.php(183): Illuminate\Http\Middleware\HandleCors->handle(Object(Illuminate\Http\Request), Object(Closure))
#20 C:\Users\duong\Desktop\facebookmanagement\vendor\laravel\framework\src\Illuminate\Http\Middleware\TrustProxies.php(39): Illuminate\Pipeline\Pipeline->Illuminate\Pipeline\{closure}(Object(Illuminate\Http\Request))
#21 C:\Users\duong\Desktop\facebookmanagement\vendor\laravel\framework\src\Illuminate\Pipeline\Pipeline.php(183): Illuminate\Http\Middleware\TrustProxies->handle(Object(Illuminate\Http\Request), Object(Closure))
#22 C:\Users\duong\Desktop\facebookmanagement\vendor\laravel\framework\src\Illuminate\Pipeline\Pipeline.php(119): Illuminate\Pipeline\Pipeline->Illuminate\Pipeline\{closure}(Object(Illuminate\Http\Request))
#23 C:\Users\duong\Desktop\facebookmanagement\vendor\laravel\framework\src\Illuminate\Foundation\Http\Kernel.php(175): Illuminate\Pipeline\Pipeline->then(Object(Closure))
#24 C:\Users\duong\Desktop\facebookmanagement\vendor\laravel\framework\src\Illuminate\Foundation\Http\Kernel.php(144): Illuminate\Foundation\Http\Kernel->sendRequestThroughRouter(Object(Illuminate\Http\Request))
#25 C:\Users\duong\Desktop\facebookmanagement\public\index.php(52): Illuminate\Foundation\Http\Kernel->handle(Object(Illuminate\Http\Request))
#26 C:\Users\duong\Desktop\facebookmanagement\vendor\laravel\framework\src\Illuminate\Foundation\resources\server.php(16): require_once('C:\\Users\\duong\\...')
#27 {main}  
[2024-04-12 16:42:28] local.INFO: Exception  
[2024-04-12 16:42:28] local.ERROR: Symfony\Component\HttpKernel\Exception\NotFoundHttpException: The route template/user/dist/js/adminlte.min.js could not be found. in C:\Users\duong\Desktop\facebookmanagement\vendor\laravel\framework\src\Illuminate\Routing\AbstractRouteCollection.php:44
Stack trace:
#0 C:\Users\duong\Desktop\facebookmanagement\vendor\laravel\framework\src\Illuminate\Routing\RouteCollection.php(162): Illuminate\Routing\AbstractRouteCollection->handleMatchedRoute(Object(Illuminate\Http\Request), NULL)
#1 C:\Users\duong\Desktop\facebookmanagement\vendor\laravel\framework\src\Illuminate\Routing\Router.php(761): Illuminate\Routing\RouteCollection->match(Object(Illuminate\Http\Request))
#2 C:\Users\duong\Desktop\facebookmanagement\vendor\laravel\framework\src\Illuminate\Routing\Router.php(748): Illuminate\Routing\Router->findRoute(Object(Illuminate\Http\Request))
#3 C:\Users\duong\Desktop\facebookmanagement\vendor\laravel\framework\src\Illuminate\Routing\Router.php(737): Illuminate\Routing\Router->dispatchToRoute(Object(Illuminate\Http\Request))
#4 C:\Users\duong\Desktop\facebookmanagement\vendor\laravel\framework\src\Illuminate\Foundation\Http\Kernel.php(200): Illuminate\Routing\Router->dispatch(Object(Illuminate\Http\Request))
#5 C:\Users\duong\Desktop\facebookmanagement\vendor\laravel\framework\src\Illuminate\Pipeline\Pipeline.php(144): Illuminate\Foundation\Http\Kernel->Illuminate\Foundation\Http\{closure}(Object(Illuminate\Http\Request))
#6 C:\Users\duong\Desktop\facebookmanagement\vendor\livewire\livewire\src\Features\SupportDisablingBackButtonCache\DisableBackButtonCacheMiddleware.php(19): Illuminate\Pipeline\Pipeline->Illuminate\Pipeline\{closure}(Object(Illuminate\Http\Request))
#7 C:\Users\duong\Desktop\facebookmanagement\vendor\laravel\framework\src\Illuminate\Pipeline\Pipeline.php(183): Livewire\Features\SupportDisablingBackButtonCache\DisableBackButtonCacheMiddleware->handle(Object(Illuminate\Http\Request), Object(Closure))
#8 C:\Users\duong\Desktop\facebookmanagement\vendor\laravel\framework\src\Illuminate\Foundation\Http\Middleware\TransformsRequest.php(21): Illuminate\Pipeline\Pipeline->Illuminate\Pipeline\{closure}(Object(Illuminate\Http\Request))
#9 C:\Users\duong\Desktop\facebookmanagement\vendor\laravel\framework\src\Illuminate\Foundation\Http\Middleware\ConvertEmptyStringsToNull.php(31): Illuminate\Foundation\Http\Middleware\TransformsRequest->handle(Object(Illuminate\Http\Request), Object(Closure))
#10 C:\Users\duong\Desktop\facebookmanagement\vendor\laravel\framework\src\Illuminate\Pipeline\Pipeline.php(183): Illuminate\Foundation\Http\Middleware\ConvertEmptyStringsToNull->handle(Object(Illuminate\Http\Request), Object(Closure))
#11 C:\Users\duong\Desktop\facebookmanagement\vendor\laravel\framework\src\Illuminate\Foundation\Http\Middleware\TransformsRequest.php(21): Illuminate\Pipeline\Pipeline->Illuminate\Pipeline\{closure}(Object(Illuminate\Http\Request))
#12 C:\Users\duong\Desktop\facebookmanagement\vendor\laravel\framework\src\Illuminate\Foundation\Http\Middleware\TrimStrings.php(40): Illuminate\Foundation\Http\Middleware\TransformsRequest->handle(Object(Illuminate\Http\Request), Object(Closure))
#13 C:\Users\duong\Desktop\facebookmanagement\vendor\laravel\framework\src\Illuminate\Pipeline\Pipeline.php(183): Illuminate\Foundation\Http\Middleware\TrimStrings->handle(Object(Illuminate\Http\Request), Object(Closure))
#14 C:\Users\duong\Desktop\facebookmanagement\vendor\laravel\framework\src\Illuminate\Foundation\Http\Middleware\ValidatePostSize.php(27): Illuminate\Pipeline\Pipeline->Illuminate\Pipeline\{closure}(Object(Illuminate\Http\Request))
#15 C:\Users\duong\Desktop\facebookmanagement\vendor\laravel\framework\src\Illuminate\Pipeline\Pipeline.php(183): Illuminate\Foundation\Http\Middleware\ValidatePostSize->handle(Object(Illuminate\Http\Request), Object(Closure))
#16 C:\Users\duong\Desktop\facebookmanagement\vendor\laravel\framework\src\Illuminate\Foundation\Http\Middleware\PreventRequestsDuringMaintenance.php(99): Illuminate\Pipeline\Pipeline->Illuminate\Pipeline\{closure}(Object(Illuminate\Http\Request))
#17 C:\Users\duong\Desktop\facebookmanagement\vendor\laravel\framework\src\Illuminate\Pipeline\Pipeline.php(183): Illuminate\Foundation\Http\Middleware\PreventRequestsDuringMaintenance->handle(Object(Illuminate\Http\Request), Object(Closure))
#18 C:\Users\duong\Desktop\facebookmanagement\vendor\laravel\framework\src\Illuminate\Http\Middleware\HandleCors.php(49): Illuminate\Pipeline\Pipeline->Illuminate\Pipeline\{closure}(Object(Illuminate\Http\Request))
#19 C:\Users\duong\Desktop\facebookmanagement\vendor\laravel\framework\src\Illuminate\Pipeline\Pipeline.php(183): Illuminate\Http\Middleware\HandleCors->handle(Object(Illuminate\Http\Request), Object(Closure))
#20 C:\Users\duong\Desktop\facebookmanagement\vendor\laravel\framework\src\Illuminate\Http\Middleware\TrustProxies.php(39): Illuminate\Pipeline\Pipeline->Illuminate\Pipeline\{closure}(Object(Illuminate\Http\Request))
#21 C:\Users\duong\Desktop\facebookmanagement\vendor\laravel\framework\src\Illuminate\Pipeline\Pipeline.php(183): Illuminate\Http\Middleware\TrustProxies->handle(Object(Illuminate\Http\Request), Object(Closure))
#22 C:\Users\duong\Desktop\facebookmanagement\vendor\laravel\framework\src\Illuminate\Pipeline\Pipeline.php(119): Illuminate\Pipeline\Pipeline->Illuminate\Pipeline\{closure}(Object(Illuminate\Http\Request))
#23 C:\Users\duong\Desktop\facebookmanagement\vendor\laravel\framework\src\Illuminate\Foundation\Http\Kernel.php(175): Illuminate\Pipeline\Pipeline->then(Object(Closure))
#24 C:\Users\duong\Desktop\facebookmanagement\vendor\laravel\framework\src\Illuminate\Foundation\Http\Kernel.php(144): Illuminate\Foundation\Http\Kernel->sendRequestThroughRouter(Object(Illuminate\Http\Request))
#25 C:\Users\duong\Desktop\facebookmanagement\public\index.php(52): Illuminate\Foundation\Http\Kernel->handle(Object(Illuminate\Http\Request))
#26 C:\Users\duong\Desktop\facebookmanagement\vendor\laravel\framework\src\Illuminate\Foundation\resources\server.php(16): require_once('C:\\Users\\duong\\...')
#27 {main}  
[2024-04-12 16:46:28] local.INFO: Exception  
[2024-04-12 16:46:28] local.ERROR: Symfony\Component\HttpKernel\Exception\NotFoundHttpException: The route plugins/bootstrap/js/bootstrap.bundle.min.js could not be found. in C:\Users\duong\Desktop\facebookmanagement\vendor\laravel\framework\src\Illuminate\Routing\AbstractRouteCollection.php:44
Stack trace:
#0 C:\Users\duong\Desktop\facebookmanagement\vendor\laravel\framework\src\Illuminate\Routing\RouteCollection.php(162): Illuminate\Routing\AbstractRouteCollection->handleMatchedRoute(Object(Illuminate\Http\Request), NULL)
#1 C:\Users\duong\Desktop\facebookmanagement\vendor\laravel\framework\src\Illuminate\Routing\Router.php(761): Illuminate\Routing\RouteCollection->match(Object(Illuminate\Http\Request))
#2 C:\Users\duong\Desktop\facebookmanagement\vendor\laravel\framework\src\Illuminate\Routing\Router.php(748): Illuminate\Routing\Router->findRoute(Object(Illuminate\Http\Request))
#3 C:\Users\duong\Desktop\facebookmanagement\vendor\laravel\framework\src\Illuminate\Routing\Router.php(737): Illuminate\Routing\Router->dispatchToRoute(Object(Illuminate\Http\Request))
#4 C:\Users\duong\Desktop\facebookmanagement\vendor\laravel\framework\src\Illuminate\Foundation\Http\Kernel.php(200): Illuminate\Routing\Router->dispatch(Object(Illuminate\Http\Request))
#5 C:\Users\duong\Desktop\facebookmanagement\vendor\laravel\framework\src\Illuminate\Pipeline\Pipeline.php(144): Illuminate\Foundation\Http\Kernel->Illuminate\Foundation\Http\{closure}(Object(Illuminate\Http\Request))
#6 C:\Users\duong\Desktop\facebookmanagement\vendor\livewire\livewire\src\Features\SupportDisablingBackButtonCache\DisableBackButtonCacheMiddleware.php(19): Illuminate\Pipeline\Pipeline->Illuminate\Pipeline\{closure}(Object(Illuminate\Http\Request))
#7 C:\Users\duong\Desktop\facebookmanagement\vendor\laravel\framework\src\Illuminate\Pipeline\Pipeline.php(183): Livewire\Features\SupportDisablingBackButtonCache\DisableBackButtonCacheMiddleware->handle(Object(Illuminate\Http\Request), Object(Closure))
#8 C:\Users\duong\Desktop\facebookmanagement\vendor\laravel\framework\src\Illuminate\Foundation\Http\Middleware\TransformsRequest.php(21): Illuminate\Pipeline\Pipeline->Illuminate\Pipeline\{closure}(Object(Illuminate\Http\Request))
#9 C:\Users\duong\Desktop\facebookmanagement\vendor\laravel\framework\src\Illuminate\Foundation\Http\Middleware\ConvertEmptyStringsToNull.php(31): Illuminate\Foundation\Http\Middleware\TransformsRequest->handle(Object(Illuminate\Http\Request), Object(Closure))
#10 C:\Users\duong\Desktop\facebookmanagement\vendor\laravel\framework\src\Illuminate\Pipeline\Pipeline.php(183): Illuminate\Foundation\Http\Middleware\ConvertEmptyStringsToNull->handle(Object(Illuminate\Http\Request), Object(Closure))
#11 C:\Users\duong\Desktop\facebookmanagement\vendor\laravel\framework\src\Illuminate\Foundation\Http\Middleware\TransformsRequest.php(21): Illuminate\Pipeline\Pipeline->Illuminate\Pipeline\{closure}(Object(Illuminate\Http\Request))
#12 C:\Users\duong\Desktop\facebookmanagement\vendor\laravel\framework\src\Illuminate\Foundation\Http\Middleware\TrimStrings.php(40): Illuminate\Foundation\Http\Middleware\TransformsRequest->handle(Object(Illuminate\Http\Request), Object(Closure))
#13 C:\Users\duong\Desktop\facebookmanagement\vendor\laravel\framework\src\Illuminate\Pipeline\Pipeline.php(183): Illuminate\Foundation\Http\Middleware\TrimStrings->handle(Object(Illuminate\Http\Request), Object(Closure))
#14 C:\Users\duong\Desktop\facebookmanagement\vendor\laravel\framework\src\Illuminate\Foundation\Http\Middleware\ValidatePostSize.php(27): Illuminate\Pipeline\Pipeline->Illuminate\Pipeline\{closure}(Object(Illuminate\Http\Request))
#15 C:\Users\duong\Desktop\facebookmanagement\vendor\laravel\framework\src\Illuminate\Pipeline\Pipeline.php(183): Illuminate\Foundation\Http\Middleware\ValidatePostSize->handle(Object(Illuminate\Http\Request), Object(Closure))
#16 C:\Users\duong\Desktop\facebookmanagement\vendor\laravel\framework\src\Illuminate\Foundation\Http\Middleware\PreventRequestsDuringMaintenance.php(99): Illuminate\Pipeline\Pipeline->Illuminate\Pipeline\{closure}(Object(Illuminate\Http\Request))
#17 C:\Users\duong\Desktop\facebookmanagement\vendor\laravel\framework\src\Illuminate\Pipeline\Pipeline.php(183): Illuminate\Foundation\Http\Middleware\PreventRequestsDuringMaintenance->handle(Object(Illuminate\Http\Request), Object(Closure))
#18 C:\Users\duong\Desktop\facebookmanagement\vendor\laravel\framework\src\Illuminate\Http\Middleware\HandleCors.php(49): Illuminate\Pipeline\Pipeline->Illuminate\Pipeline\{closure}(Object(Illuminate\Http\Request))
#19 C:\Users\duong\Desktop\facebookmanagement\vendor\laravel\framework\src\Illuminate\Pipeline\Pipeline.php(183): Illuminate\Http\Middleware\HandleCors->handle(Object(Illuminate\Http\Request), Object(Closure))
#20 C:\Users\duong\Desktop\facebookmanagement\vendor\laravel\framework\src\Illuminate\Http\Middleware\TrustProxies.php(39): Illuminate\Pipeline\Pipeline->Illuminate\Pipeline\{closure}(Object(Illuminate\Http\Request))
#21 C:\Users\duong\Desktop\facebookmanagement\vendor\laravel\framework\src\Illuminate\Pipeline\Pipeline.php(183): Illuminate\Http\Middleware\TrustProxies->handle(Object(Illuminate\Http\Request), Object(Closure))
#22 C:\Users\duong\Desktop\facebookmanagement\vendor\laravel\framework\src\Illuminate\Pipeline\Pipeline.php(119): Illuminate\Pipeline\Pipeline->Illuminate\Pipeline\{closure}(Object(Illuminate\Http\Request))
#23 C:\Users\duong\Desktop\facebookmanagement\vendor\laravel\framework\src\Illuminate\Foundation\Http\Kernel.php(175): Illuminate\Pipeline\Pipeline->then(Object(Closure))
#24 C:\Users\duong\Desktop\facebookmanagement\vendor\laravel\framework\src\Illuminate\Foundation\Http\Kernel.php(144): Illuminate\Foundation\Http\Kernel->sendRequestThroughRouter(Object(Illuminate\Http\Request))
#25 C:\Users\duong\Desktop\facebookmanagement\public\index.php(52): Illuminate\Foundation\Http\Kernel->handle(Object(Illuminate\Http\Request))
#26 C:\Users\duong\Desktop\facebookmanagement\vendor\laravel\framework\src\Illuminate\Foundation\resources\server.php(16): require_once('C:\\Users\\duong\\...')
#27 {main}  
[2024-04-12 16:46:28] local.INFO: Exception  
[2024-04-12 16:46:28] local.ERROR: Symfony\Component\HttpKernel\Exception\NotFoundHttpException: The route dist/js/adminlte.min.js could not be found. in C:\Users\duong\Desktop\facebookmanagement\vendor\laravel\framework\src\Illuminate\Routing\AbstractRouteCollection.php:44
Stack trace:
#0 C:\Users\duong\Desktop\facebookmanagement\vendor\laravel\framework\src\Illuminate\Routing\RouteCollection.php(162): Illuminate\Routing\AbstractRouteCollection->handleMatchedRoute(Object(Illuminate\Http\Request), NULL)
#1 C:\Users\duong\Desktop\facebookmanagement\vendor\laravel\framework\src\Illuminate\Routing\Router.php(761): Illuminate\Routing\RouteCollection->match(Object(Illuminate\Http\Request))
#2 C:\Users\duong\Desktop\facebookmanagement\vendor\laravel\framework\src\Illuminate\Routing\Router.php(748): Illuminate\Routing\Router->findRoute(Object(Illuminate\Http\Request))
#3 C:\Users\duong\Desktop\facebookmanagement\vendor\laravel\framework\src\Illuminate\Routing\Router.php(737): Illuminate\Routing\Router->dispatchToRoute(Object(Illuminate\Http\Request))
#4 C:\Users\duong\Desktop\facebookmanagement\vendor\laravel\framework\src\Illuminate\Foundation\Http\Kernel.php(200): Illuminate\Routing\Router->dispatch(Object(Illuminate\Http\Request))
#5 C:\Users\duong\Desktop\facebookmanagement\vendor\laravel\framework\src\Illuminate\Pipeline\Pipeline.php(144): Illuminate\Foundation\Http\Kernel->Illuminate\Foundation\Http\{closure}(Object(Illuminate\Http\Request))
#6 C:\Users\duong\Desktop\facebookmanagement\vendor\livewire\livewire\src\Features\SupportDisablingBackButtonCache\DisableBackButtonCacheMiddleware.php(19): Illuminate\Pipeline\Pipeline->Illuminate\Pipeline\{closure}(Object(Illuminate\Http\Request))
#7 C:\Users\duong\Desktop\facebookmanagement\vendor\laravel\framework\src\Illuminate\Pipeline\Pipeline.php(183): Livewire\Features\SupportDisablingBackButtonCache\DisableBackButtonCacheMiddleware->handle(Object(Illuminate\Http\Request), Object(Closure))
#8 C:\Users\duong\Desktop\facebookmanagement\vendor\laravel\framework\src\Illuminate\Foundation\Http\Middleware\TransformsRequest.php(21): Illuminate\Pipeline\Pipeline->Illuminate\Pipeline\{closure}(Object(Illuminate\Http\Request))
#9 C:\Users\duong\Desktop\facebookmanagement\vendor\laravel\framework\src\Illuminate\Foundation\Http\Middleware\ConvertEmptyStringsToNull.php(31): Illuminate\Foundation\Http\Middleware\TransformsRequest->handle(Object(Illuminate\Http\Request), Object(Closure))
#10 C:\Users\duong\Desktop\facebookmanagement\vendor\laravel\framework\src\Illuminate\Pipeline\Pipeline.php(183): Illuminate\Foundation\Http\Middleware\ConvertEmptyStringsToNull->handle(Object(Illuminate\Http\Request), Object(Closure))
#11 C:\Users\duong\Desktop\facebookmanagement\vendor\laravel\framework\src\Illuminate\Foundation\Http\Middleware\TransformsRequest.php(21): Illuminate\Pipeline\Pipeline->Illuminate\Pipeline\{closure}(Object(Illuminate\Http\Request))
#12 C:\Users\duong\Desktop\facebookmanagement\vendor\laravel\framework\src\Illuminate\Foundation\Http\Middleware\TrimStrings.php(40): Illuminate\Foundation\Http\Middleware\TransformsRequest->handle(Object(Illuminate\Http\Request), Object(Closure))
#13 C:\Users\duong\Desktop\facebookmanagement\vendor\laravel\framework\src\Illuminate\Pipeline\Pipeline.php(183): Illuminate\Foundation\Http\Middleware\TrimStrings->handle(Object(Illuminate\Http\Request), Object(Closure))
#14 C:\Users\duong\Desktop\facebookmanagement\vendor\laravel\framework\src\Illuminate\Foundation\Http\Middleware\ValidatePostSize.php(27): Illuminate\Pipeline\Pipeline->Illuminate\Pipeline\{closure}(Object(Illuminate\Http\Request))
#15 C:\Users\duong\Desktop\facebookmanagement\vendor\laravel\framework\src\Illuminate\Pipeline\Pipeline.php(183): Illuminate\Foundation\Http\Middleware\ValidatePostSize->handle(Object(Illuminate\Http\Request), Object(Closure))
#16 C:\Users\duong\Desktop\facebookmanagement\vendor\laravel\framework\src\Illuminate\Foundation\Http\Middleware\PreventRequestsDuringMaintenance.php(99): Illuminate\Pipeline\Pipeline->Illuminate\Pipeline\{closure}(Object(Illuminate\Http\Request))
#17 C:\Users\duong\Desktop\facebookmanagement\vendor\laravel\framework\src\Illuminate\Pipeline\Pipeline.php(183): Illuminate\Foundation\Http\Middleware\PreventRequestsDuringMaintenance->handle(Object(Illuminate\Http\Request), Object(Closure))
#18 C:\Users\duong\Desktop\facebookmanagement\vendor\laravel\framework\src\Illuminate\Http\Middleware\HandleCors.php(49): Illuminate\Pipeline\Pipeline->Illuminate\Pipeline\{closure}(Object(Illuminate\Http\Request))
#19 C:\Users\duong\Desktop\facebookmanagement\vendor\laravel\framework\src\Illuminate\Pipeline\Pipeline.php(183): Illuminate\Http\Middleware\HandleCors->handle(Object(Illuminate\Http\Request), Object(Closure))
#20 C:\Users\duong\Desktop\facebookmanagement\vendor\laravel\framework\src\Illuminate\Http\Middleware\TrustProxies.php(39): Illuminate\Pipeline\Pipeline->Illuminate\Pipeline\{closure}(Object(Illuminate\Http\Request))
#21 C:\Users\duong\Desktop\facebookmanagement\vendor\laravel\framework\src\Illuminate\Pipeline\Pipeline.php(183): Illuminate\Http\Middleware\TrustProxies->handle(Object(Illuminate\Http\Request), Object(Closure))
#22 C:\Users\duong\Desktop\facebookmanagement\vendor\laravel\framework\src\Illuminate\Pipeline\Pipeline.php(119): Illuminate\Pipeline\Pipeline->Illuminate\Pipeline\{closure}(Object(Illuminate\Http\Request))
#23 C:\Users\duong\Desktop\facebookmanagement\vendor\laravel\framework\src\Illuminate\Foundation\Http\Kernel.php(175): Illuminate\Pipeline\Pipeline->then(Object(Closure))
#24 C:\Users\duong\Desktop\facebookmanagement\vendor\laravel\framework\src\Illuminate\Foundation\Http\Kernel.php(144): Illuminate\Foundation\Http\Kernel->sendRequestThroughRouter(Object(Illuminate\Http\Request))
#25 C:\Users\duong\Desktop\facebookmanagement\public\index.php(52): Illuminate\Foundation\Http\Kernel->handle(Object(Illuminate\Http\Request))
#26 C:\Users\duong\Desktop\facebookmanagement\vendor\laravel\framework\src\Illuminate\Foundation\resources\server.php(16): require_once('C:\\Users\\duong\\...')
#27 {main}  
[2024-04-12 16:46:31] local.INFO: Exception  
[2024-04-12 16:46:31] local.ERROR: Symfony\Component\HttpKernel\Exception\NotFoundHttpException: The route plugins/bootstrap/js/bootstrap.bundle.min.js could not be found. in C:\Users\duong\Desktop\facebookmanagement\vendor\laravel\framework\src\Illuminate\Routing\AbstractRouteCollection.php:44
Stack trace:
#0 C:\Users\duong\Desktop\facebookmanagement\vendor\laravel\framework\src\Illuminate\Routing\RouteCollection.php(162): Illuminate\Routing\AbstractRouteCollection->handleMatchedRoute(Object(Illuminate\Http\Request), NULL)
#1 C:\Users\duong\Desktop\facebookmanagement\vendor\laravel\framework\src\Illuminate\Routing\Router.php(761): Illuminate\Routing\RouteCollection->match(Object(Illuminate\Http\Request))
#2 C:\Users\duong\Desktop\facebookmanagement\vendor\laravel\framework\src\Illuminate\Routing\Router.php(748): Illuminate\Routing\Router->findRoute(Object(Illuminate\Http\Request))
#3 C:\Users\duong\Desktop\facebookmanagement\vendor\laravel\framework\src\Illuminate\Routing\Router.php(737): Illuminate\Routing\Router->dispatchToRoute(Object(Illuminate\Http\Request))
#4 C:\Users\duong\Desktop\facebookmanagement\vendor\laravel\framework\src\Illuminate\Foundation\Http\Kernel.php(200): Illuminate\Routing\Router->dispatch(Object(Illuminate\Http\Request))
#5 C:\Users\duong\Desktop\facebookmanagement\vendor\laravel\framework\src\Illuminate\Pipeline\Pipeline.php(144): Illuminate\Foundation\Http\Kernel->Illuminate\Foundation\Http\{closure}(Object(Illuminate\Http\Request))
#6 C:\Users\duong\Desktop\facebookmanagement\vendor\livewire\livewire\src\Features\SupportDisablingBackButtonCache\DisableBackButtonCacheMiddleware.php(19): Illuminate\Pipeline\Pipeline->Illuminate\Pipeline\{closure}(Object(Illuminate\Http\Request))
#7 C:\Users\duong\Desktop\facebookmanagement\vendor\laravel\framework\src\Illuminate\Pipeline\Pipeline.php(183): Livewire\Features\SupportDisablingBackButtonCache\DisableBackButtonCacheMiddleware->handle(Object(Illuminate\Http\Request), Object(Closure))
#8 C:\Users\duong\Desktop\facebookmanagement\vendor\laravel\framework\src\Illuminate\Foundation\Http\Middleware\TransformsRequest.php(21): Illuminate\Pipeline\Pipeline->Illuminate\Pipeline\{closure}(Object(Illuminate\Http\Request))
#9 C:\Users\duong\Desktop\facebookmanagement\vendor\laravel\framework\src\Illuminate\Foundation\Http\Middleware\ConvertEmptyStringsToNull.php(31): Illuminate\Foundation\Http\Middleware\TransformsRequest->handle(Object(Illuminate\Http\Request), Object(Closure))
#10 C:\Users\duong\Desktop\facebookmanagement\vendor\laravel\framework\src\Illuminate\Pipeline\Pipeline.php(183): Illuminate\Foundation\Http\Middleware\ConvertEmptyStringsToNull->handle(Object(Illuminate\Http\Request), Object(Closure))
#11 C:\Users\duong\Desktop\facebookmanagement\vendor\laravel\framework\src\Illuminate\Foundation\Http\Middleware\TransformsRequest.php(21): Illuminate\Pipeline\Pipeline->Illuminate\Pipeline\{closure}(Object(Illuminate\Http\Request))
#12 C:\Users\duong\Desktop\facebookmanagement\vendor\laravel\framework\src\Illuminate\Foundation\Http\Middleware\TrimStrings.php(40): Illuminate\Foundation\Http\Middleware\TransformsRequest->handle(Object(Illuminate\Http\Request), Object(Closure))
#13 C:\Users\duong\Desktop\facebookmanagement\vendor\laravel\framework\src\Illuminate\Pipeline\Pipeline.php(183): Illuminate\Foundation\Http\Middleware\TrimStrings->handle(Object(Illuminate\Http\Request), Object(Closure))
#14 C:\Users\duong\Desktop\facebookmanagement\vendor\laravel\framework\src\Illuminate\Foundation\Http\Middleware\ValidatePostSize.php(27): Illuminate\Pipeline\Pipeline->Illuminate\Pipeline\{closure}(Object(Illuminate\Http\Request))
#15 C:\Users\duong\Desktop\facebookmanagement\vendor\laravel\framework\src\Illuminate\Pipeline\Pipeline.php(183): Illuminate\Foundation\Http\Middleware\ValidatePostSize->handle(Object(Illuminate\Http\Request), Object(Closure))
#16 C:\Users\duong\Desktop\facebookmanagement\vendor\laravel\framework\src\Illuminate\Foundation\Http\Middleware\PreventRequestsDuringMaintenance.php(99): Illuminate\Pipeline\Pipeline->Illuminate\Pipeline\{closure}(Object(Illuminate\Http\Request))
#17 C:\Users\duong\Desktop\facebookmanagement\vendor\laravel\framework\src\Illuminate\Pipeline\Pipeline.php(183): Illuminate\Foundation\Http\Middleware\PreventRequestsDuringMaintenance->handle(Object(Illuminate\Http\Request), Object(Closure))
#18 C:\Users\duong\Desktop\facebookmanagement\vendor\laravel\framework\src\Illuminate\Http\Middleware\HandleCors.php(49): Illuminate\Pipeline\Pipeline->Illuminate\Pipeline\{closure}(Object(Illuminate\Http\Request))
#19 C:\Users\duong\Desktop\facebookmanagement\vendor\laravel\framework\src\Illuminate\Pipeline\Pipeline.php(183): Illuminate\Http\Middleware\HandleCors->handle(Object(Illuminate\Http\Request), Object(Closure))
#20 C:\Users\duong\Desktop\facebookmanagement\vendor\laravel\framework\src\Illuminate\Http\Middleware\TrustProxies.php(39): Illuminate\Pipeline\Pipeline->Illuminate\Pipeline\{closure}(Object(Illuminate\Http\Request))
#21 C:\Users\duong\Desktop\facebookmanagement\vendor\laravel\framework\src\Illuminate\Pipeline\Pipeline.php(183): Illuminate\Http\Middleware\TrustProxies->handle(Object(Illuminate\Http\Request), Object(Closure))
#22 C:\Users\duong\Desktop\facebookmanagement\vendor\laravel\framework\src\Illuminate\Pipeline\Pipeline.php(119): Illuminate\Pipeline\Pipeline->Illuminate\Pipeline\{closure}(Object(Illuminate\Http\Request))
#23 C:\Users\duong\Desktop\facebookmanagement\vendor\laravel\framework\src\Illuminate\Foundation\Http\Kernel.php(175): Illuminate\Pipeline\Pipeline->then(Object(Closure))
#24 C:\Users\duong\Desktop\facebookmanagement\vendor\laravel\framework\src\Illuminate\Foundation\Http\Kernel.php(144): Illuminate\Foundation\Http\Kernel->sendRequestThroughRouter(Object(Illuminate\Http\Request))
#25 C:\Users\duong\Desktop\facebookmanagement\public\index.php(52): Illuminate\Foundation\Http\Kernel->handle(Object(Illuminate\Http\Request))
#26 C:\Users\duong\Desktop\facebookmanagement\vendor\laravel\framework\src\Illuminate\Foundation\resources\server.php(16): require_once('C:\\Users\\duong\\...')
#27 {main}  
[2024-04-12 16:46:31] local.INFO: Exception  
[2024-04-12 16:46:31] local.ERROR: Symfony\Component\HttpKernel\Exception\NotFoundHttpException: The route dist/js/adminlte.min.js could not be found. in C:\Users\duong\Desktop\facebookmanagement\vendor\laravel\framework\src\Illuminate\Routing\AbstractRouteCollection.php:44
Stack trace:
#0 C:\Users\duong\Desktop\facebookmanagement\vendor\laravel\framework\src\Illuminate\Routing\RouteCollection.php(162): Illuminate\Routing\AbstractRouteCollection->handleMatchedRoute(Object(Illuminate\Http\Request), NULL)
#1 C:\Users\duong\Desktop\facebookmanagement\vendor\laravel\framework\src\Illuminate\Routing\Router.php(761): Illuminate\Routing\RouteCollection->match(Object(Illuminate\Http\Request))
#2 C:\Users\duong\Desktop\facebookmanagement\vendor\laravel\framework\src\Illuminate\Routing\Router.php(748): Illuminate\Routing\Router->findRoute(Object(Illuminate\Http\Request))
#3 C:\Users\duong\Desktop\facebookmanagement\vendor\laravel\framework\src\Illuminate\Routing\Router.php(737): Illuminate\Routing\Router->dispatchToRoute(Object(Illuminate\Http\Request))
#4 C:\Users\duong\Desktop\facebookmanagement\vendor\laravel\framework\src\Illuminate\Foundation\Http\Kernel.php(200): Illuminate\Routing\Router->dispatch(Object(Illuminate\Http\Request))
#5 C:\Users\duong\Desktop\facebookmanagement\vendor\laravel\framework\src\Illuminate\Pipeline\Pipeline.php(144): Illuminate\Foundation\Http\Kernel->Illuminate\Foundation\Http\{closure}(Object(Illuminate\Http\Request))
#6 C:\Users\duong\Desktop\facebookmanagement\vendor\livewire\livewire\src\Features\SupportDisablingBackButtonCache\DisableBackButtonCacheMiddleware.php(19): Illuminate\Pipeline\Pipeline->Illuminate\Pipeline\{closure}(Object(Illuminate\Http\Request))
#7 C:\Users\duong\Desktop\facebookmanagement\vendor\laravel\framework\src\Illuminate\Pipeline\Pipeline.php(183): Livewire\Features\SupportDisablingBackButtonCache\DisableBackButtonCacheMiddleware->handle(Object(Illuminate\Http\Request), Object(Closure))
#8 C:\Users\duong\Desktop\facebookmanagement\vendor\laravel\framework\src\Illuminate\Foundation\Http\Middleware\TransformsRequest.php(21): Illuminate\Pipeline\Pipeline->Illuminate\Pipeline\{closure}(Object(Illuminate\Http\Request))
#9 C:\Users\duong\Desktop\facebookmanagement\vendor\laravel\framework\src\Illuminate\Foundation\Http\Middleware\ConvertEmptyStringsToNull.php(31): Illuminate\Foundation\Http\Middleware\TransformsRequest->handle(Object(Illuminate\Http\Request), Object(Closure))
#10 C:\Users\duong\Desktop\facebookmanagement\vendor\laravel\framework\src\Illuminate\Pipeline\Pipeline.php(183): Illuminate\Foundation\Http\Middleware\ConvertEmptyStringsToNull->handle(Object(Illuminate\Http\Request), Object(Closure))
#11 C:\Users\duong\Desktop\facebookmanagement\vendor\laravel\framework\src\Illuminate\Foundation\Http\Middleware\TransformsRequest.php(21): Illuminate\Pipeline\Pipeline->Illuminate\Pipeline\{closure}(Object(Illuminate\Http\Request))
#12 C:\Users\duong\Desktop\facebookmanagement\vendor\laravel\framework\src\Illuminate\Foundation\Http\Middleware\TrimStrings.php(40): Illuminate\Foundation\Http\Middleware\TransformsRequest->handle(Object(Illuminate\Http\Request), Object(Closure))
#13 C:\Users\duong\Desktop\facebookmanagement\vendor\laravel\framework\src\Illuminate\Pipeline\Pipeline.php(183): Illuminate\Foundation\Http\Middleware\TrimStrings->handle(Object(Illuminate\Http\Request), Object(Closure))
#14 C:\Users\duong\Desktop\facebookmanagement\vendor\laravel\framework\src\Illuminate\Foundation\Http\Middleware\ValidatePostSize.php(27): Illuminate\Pipeline\Pipeline->Illuminate\Pipeline\{closure}(Object(Illuminate\Http\Request))
#15 C:\Users\duong\Desktop\facebookmanagement\vendor\laravel\framework\src\Illuminate\Pipeline\Pipeline.php(183): Illuminate\Foundation\Http\Middleware\ValidatePostSize->handle(Object(Illuminate\Http\Request), Object(Closure))
#16 C:\Users\duong\Desktop\facebookmanagement\vendor\laravel\framework\src\Illuminate\Foundation\Http\Middleware\PreventRequestsDuringMaintenance.php(99): Illuminate\Pipeline\Pipeline->Illuminate\Pipeline\{closure}(Object(Illuminate\Http\Request))
#17 C:\Users\duong\Desktop\facebookmanagement\vendor\laravel\framework\src\Illuminate\Pipeline\Pipeline.php(183): Illuminate\Foundation\Http\Middleware\PreventRequestsDuringMaintenance->handle(Object(Illuminate\Http\Request), Object(Closure))
#18 C:\Users\duong\Desktop\facebookmanagement\vendor\laravel\framework\src\Illuminate\Http\Middleware\HandleCors.php(49): Illuminate\Pipeline\Pipeline->Illuminate\Pipeline\{closure}(Object(Illuminate\Http\Request))
#19 C:\Users\duong\Desktop\facebookmanagement\vendor\laravel\framework\src\Illuminate\Pipeline\Pipeline.php(183): Illuminate\Http\Middleware\HandleCors->handle(Object(Illuminate\Http\Request), Object(Closure))
#20 C:\Users\duong\Desktop\facebookmanagement\vendor\laravel\framework\src\Illuminate\Http\Middleware\TrustProxies.php(39): Illuminate\Pipeline\Pipeline->Illuminate\Pipeline\{closure}(Object(Illuminate\Http\Request))
#21 C:\Users\duong\Desktop\facebookmanagement\vendor\laravel\framework\src\Illuminate\Pipeline\Pipeline.php(183): Illuminate\Http\Middleware\TrustProxies->handle(Object(Illuminate\Http\Request), Object(Closure))
#22 C:\Users\duong\Desktop\facebookmanagement\vendor\laravel\framework\src\Illuminate\Pipeline\Pipeline.php(119): Illuminate\Pipeline\Pipeline->Illuminate\Pipeline\{closure}(Object(Illuminate\Http\Request))
#23 C:\Users\duong\Desktop\facebookmanagement\vendor\laravel\framework\src\Illuminate\Foundation\Http\Kernel.php(175): Illuminate\Pipeline\Pipeline->then(Object(Closure))
#24 C:\Users\duong\Desktop\facebookmanagement\vendor\laravel\framework\src\Illuminate\Foundation\Http\Kernel.php(144): Illuminate\Foundation\Http\Kernel->sendRequestThroughRouter(Object(Illuminate\Http\Request))
#25 C:\Users\duong\Desktop\facebookmanagement\public\index.php(52): Illuminate\Foundation\Http\Kernel->handle(Object(Illuminate\Http\Request))
#26 C:\Users\duong\Desktop\facebookmanagement\vendor\laravel\framework\src\Illuminate\Foundation\resources\server.php(16): require_once('C:\\Users\\duong\\...')
#27 {main}  
[2024-04-12 16:46:42] local.INFO: Exception  
[2024-04-12 16:46:42] local.ERROR: Symfony\Component\HttpKernel\Exception\NotFoundHttpException: The route plugins/bootstrap/js/bootstrap.bundle.min.js could not be found. in C:\Users\duong\Desktop\facebookmanagement\vendor\laravel\framework\src\Illuminate\Routing\AbstractRouteCollection.php:44
Stack trace:
#0 C:\Users\duong\Desktop\facebookmanagement\vendor\laravel\framework\src\Illuminate\Routing\RouteCollection.php(162): Illuminate\Routing\AbstractRouteCollection->handleMatchedRoute(Object(Illuminate\Http\Request), NULL)
#1 C:\Users\duong\Desktop\facebookmanagement\vendor\laravel\framework\src\Illuminate\Routing\Router.php(761): Illuminate\Routing\RouteCollection->match(Object(Illuminate\Http\Request))
#2 C:\Users\duong\Desktop\facebookmanagement\vendor\laravel\framework\src\Illuminate\Routing\Router.php(748): Illuminate\Routing\Router->findRoute(Object(Illuminate\Http\Request))
#3 C:\Users\duong\Desktop\facebookmanagement\vendor\laravel\framework\src\Illuminate\Routing\Router.php(737): Illuminate\Routing\Router->dispatchToRoute(Object(Illuminate\Http\Request))
#4 C:\Users\duong\Desktop\facebookmanagement\vendor\laravel\framework\src\Illuminate\Foundation\Http\Kernel.php(200): Illuminate\Routing\Router->dispatch(Object(Illuminate\Http\Request))
#5 C:\Users\duong\Desktop\facebookmanagement\vendor\laravel\framework\src\Illuminate\Pipeline\Pipeline.php(144): Illuminate\Foundation\Http\Kernel->Illuminate\Foundation\Http\{closure}(Object(Illuminate\Http\Request))
#6 C:\Users\duong\Desktop\facebookmanagement\vendor\livewire\livewire\src\Features\SupportDisablingBackButtonCache\DisableBackButtonCacheMiddleware.php(19): Illuminate\Pipeline\Pipeline->Illuminate\Pipeline\{closure}(Object(Illuminate\Http\Request))
#7 C:\Users\duong\Desktop\facebookmanagement\vendor\laravel\framework\src\Illuminate\Pipeline\Pipeline.php(183): Livewire\Features\SupportDisablingBackButtonCache\DisableBackButtonCacheMiddleware->handle(Object(Illuminate\Http\Request), Object(Closure))
#8 C:\Users\duong\Desktop\facebookmanagement\vendor\laravel\framework\src\Illuminate\Foundation\Http\Middleware\TransformsRequest.php(21): Illuminate\Pipeline\Pipeline->Illuminate\Pipeline\{closure}(Object(Illuminate\Http\Request))
#9 C:\Users\duong\Desktop\facebookmanagement\vendor\laravel\framework\src\Illuminate\Foundation\Http\Middleware\ConvertEmptyStringsToNull.php(31): Illuminate\Foundation\Http\Middleware\TransformsRequest->handle(Object(Illuminate\Http\Request), Object(Closure))
#10 C:\Users\duong\Desktop\facebookmanagement\vendor\laravel\framework\src\Illuminate\Pipeline\Pipeline.php(183): Illuminate\Foundation\Http\Middleware\ConvertEmptyStringsToNull->handle(Object(Illuminate\Http\Request), Object(Closure))
#11 C:\Users\duong\Desktop\facebookmanagement\vendor\laravel\framework\src\Illuminate\Foundation\Http\Middleware\TransformsRequest.php(21): Illuminate\Pipeline\Pipeline->Illuminate\Pipeline\{closure}(Object(Illuminate\Http\Request))
#12 C:\Users\duong\Desktop\facebookmanagement\vendor\laravel\framework\src\Illuminate\Foundation\Http\Middleware\TrimStrings.php(40): Illuminate\Foundation\Http\Middleware\TransformsRequest->handle(Object(Illuminate\Http\Request), Object(Closure))
#13 C:\Users\duong\Desktop\facebookmanagement\vendor\laravel\framework\src\Illuminate\Pipeline\Pipeline.php(183): Illuminate\Foundation\Http\Middleware\TrimStrings->handle(Object(Illuminate\Http\Request), Object(Closure))
#14 C:\Users\duong\Desktop\facebookmanagement\vendor\laravel\framework\src\Illuminate\Foundation\Http\Middleware\ValidatePostSize.php(27): Illuminate\Pipeline\Pipeline->Illuminate\Pipeline\{closure}(Object(Illuminate\Http\Request))
#15 C:\Users\duong\Desktop\facebookmanagement\vendor\laravel\framework\src\Illuminate\Pipeline\Pipeline.php(183): Illuminate\Foundation\Http\Middleware\ValidatePostSize->handle(Object(Illuminate\Http\Request), Object(Closure))
#16 C:\Users\duong\Desktop\facebookmanagement\vendor\laravel\framework\src\Illuminate\Foundation\Http\Middleware\PreventRequestsDuringMaintenance.php(99): Illuminate\Pipeline\Pipeline->Illuminate\Pipeline\{closure}(Object(Illuminate\Http\Request))
#17 C:\Users\duong\Desktop\facebookmanagement\vendor\laravel\framework\src\Illuminate\Pipeline\Pipeline.php(183): Illuminate\Foundation\Http\Middleware\PreventRequestsDuringMaintenance->handle(Object(Illuminate\Http\Request), Object(Closure))
#18 C:\Users\duong\Desktop\facebookmanagement\vendor\laravel\framework\src\Illuminate\Http\Middleware\HandleCors.php(49): Illuminate\Pipeline\Pipeline->Illuminate\Pipeline\{closure}(Object(Illuminate\Http\Request))
#19 C:\Users\duong\Desktop\facebookmanagement\vendor\laravel\framework\src\Illuminate\Pipeline\Pipeline.php(183): Illuminate\Http\Middleware\HandleCors->handle(Object(Illuminate\Http\Request), Object(Closure))
#20 C:\Users\duong\Desktop\facebookmanagement\vendor\laravel\framework\src\Illuminate\Http\Middleware\TrustProxies.php(39): Illuminate\Pipeline\Pipeline->Illuminate\Pipeline\{closure}(Object(Illuminate\Http\Request))
#21 C:\Users\duong\Desktop\facebookmanagement\vendor\laravel\framework\src\Illuminate\Pipeline\Pipeline.php(183): Illuminate\Http\Middleware\TrustProxies->handle(Object(Illuminate\Http\Request), Object(Closure))
#22 C:\Users\duong\Desktop\facebookmanagement\vendor\laravel\framework\src\Illuminate\Pipeline\Pipeline.php(119): Illuminate\Pipeline\Pipeline->Illuminate\Pipeline\{closure}(Object(Illuminate\Http\Request))
#23 C:\Users\duong\Desktop\facebookmanagement\vendor\laravel\framework\src\Illuminate\Foundation\Http\Kernel.php(175): Illuminate\Pipeline\Pipeline->then(Object(Closure))
#24 C:\Users\duong\Desktop\facebookmanagement\vendor\laravel\framework\src\Illuminate\Foundation\Http\Kernel.php(144): Illuminate\Foundation\Http\Kernel->sendRequestThroughRouter(Object(Illuminate\Http\Request))
#25 C:\Users\duong\Desktop\facebookmanagement\public\index.php(52): Illuminate\Foundation\Http\Kernel->handle(Object(Illuminate\Http\Request))
#26 C:\Users\duong\Desktop\facebookmanagement\vendor\laravel\framework\src\Illuminate\Foundation\resources\server.php(16): require_once('C:\\Users\\duong\\...')
#27 {main}  
[2024-04-12 16:46:43] local.INFO: Exception  
[2024-04-12 16:46:43] local.ERROR: Symfony\Component\HttpKernel\Exception\NotFoundHttpException: The route dist/js/adminlte.min.js could not be found. in C:\Users\duong\Desktop\facebookmanagement\vendor\laravel\framework\src\Illuminate\Routing\AbstractRouteCollection.php:44
Stack trace:
#0 C:\Users\duong\Desktop\facebookmanagement\vendor\laravel\framework\src\Illuminate\Routing\RouteCollection.php(162): Illuminate\Routing\AbstractRouteCollection->handleMatchedRoute(Object(Illuminate\Http\Request), NULL)
#1 C:\Users\duong\Desktop\facebookmanagement\vendor\laravel\framework\src\Illuminate\Routing\Router.php(761): Illuminate\Routing\RouteCollection->match(Object(Illuminate\Http\Request))
#2 C:\Users\duong\Desktop\facebookmanagement\vendor\laravel\framework\src\Illuminate\Routing\Router.php(748): Illuminate\Routing\Router->findRoute(Object(Illuminate\Http\Request))
#3 C:\Users\duong\Desktop\facebookmanagement\vendor\laravel\framework\src\Illuminate\Routing\Router.php(737): Illuminate\Routing\Router->dispatchToRoute(Object(Illuminate\Http\Request))
#4 C:\Users\duong\Desktop\facebookmanagement\vendor\laravel\framework\src\Illuminate\Foundation\Http\Kernel.php(200): Illuminate\Routing\Router->dispatch(Object(Illuminate\Http\Request))
#5 C:\Users\duong\Desktop\facebookmanagement\vendor\laravel\framework\src\Illuminate\Pipeline\Pipeline.php(144): Illuminate\Foundation\Http\Kernel->Illuminate\Foundation\Http\{closure}(Object(Illuminate\Http\Request))
#6 C:\Users\duong\Desktop\facebookmanagement\vendor\livewire\livewire\src\Features\SupportDisablingBackButtonCache\DisableBackButtonCacheMiddleware.php(19): Illuminate\Pipeline\Pipeline->Illuminate\Pipeline\{closure}(Object(Illuminate\Http\Request))
#7 C:\Users\duong\Desktop\facebookmanagement\vendor\laravel\framework\src\Illuminate\Pipeline\Pipeline.php(183): Livewire\Features\SupportDisablingBackButtonCache\DisableBackButtonCacheMiddleware->handle(Object(Illuminate\Http\Request), Object(Closure))
#8 C:\Users\duong\Desktop\facebookmanagement\vendor\laravel\framework\src\Illuminate\Foundation\Http\Middleware\TransformsRequest.php(21): Illuminate\Pipeline\Pipeline->Illuminate\Pipeline\{closure}(Object(Illuminate\Http\Request))
#9 C:\Users\duong\Desktop\facebookmanagement\vendor\laravel\framework\src\Illuminate\Foundation\Http\Middleware\ConvertEmptyStringsToNull.php(31): Illuminate\Foundation\Http\Middleware\TransformsRequest->handle(Object(Illuminate\Http\Request), Object(Closure))
#10 C:\Users\duong\Desktop\facebookmanagement\vendor\laravel\framework\src\Illuminate\Pipeline\Pipeline.php(183): Illuminate\Foundation\Http\Middleware\ConvertEmptyStringsToNull->handle(Object(Illuminate\Http\Request), Object(Closure))
#11 C:\Users\duong\Desktop\facebookmanagement\vendor\laravel\framework\src\Illuminate\Foundation\Http\Middleware\TransformsRequest.php(21): Illuminate\Pipeline\Pipeline->Illuminate\Pipeline\{closure}(Object(Illuminate\Http\Request))
#12 C:\Users\duong\Desktop\facebookmanagement\vendor\laravel\framework\src\Illuminate\Foundation\Http\Middleware\TrimStrings.php(40): Illuminate\Foundation\Http\Middleware\TransformsRequest->handle(Object(Illuminate\Http\Request), Object(Closure))
#13 C:\Users\duong\Desktop\facebookmanagement\vendor\laravel\framework\src\Illuminate\Pipeline\Pipeline.php(183): Illuminate\Foundation\Http\Middleware\TrimStrings->handle(Object(Illuminate\Http\Request), Object(Closure))
#14 C:\Users\duong\Desktop\facebookmanagement\vendor\laravel\framework\src\Illuminate\Foundation\Http\Middleware\ValidatePostSize.php(27): Illuminate\Pipeline\Pipeline->Illuminate\Pipeline\{closure}(Object(Illuminate\Http\Request))
#15 C:\Users\duong\Desktop\facebookmanagement\vendor\laravel\framework\src\Illuminate\Pipeline\Pipeline.php(183): Illuminate\Foundation\Http\Middleware\ValidatePostSize->handle(Object(Illuminate\Http\Request), Object(Closure))
#16 C:\Users\duong\Desktop\facebookmanagement\vendor\laravel\framework\src\Illuminate\Foundation\Http\Middleware\PreventRequestsDuringMaintenance.php(99): Illuminate\Pipeline\Pipeline->Illuminate\Pipeline\{closure}(Object(Illuminate\Http\Request))
#17 C:\Users\duong\Desktop\facebookmanagement\vendor\laravel\framework\src\Illuminate\Pipeline\Pipeline.php(183): Illuminate\Foundation\Http\Middleware\PreventRequestsDuringMaintenance->handle(Object(Illuminate\Http\Request), Object(Closure))
#18 C:\Users\duong\Desktop\facebookmanagement\vendor\laravel\framework\src\Illuminate\Http\Middleware\HandleCors.php(49): Illuminate\Pipeline\Pipeline->Illuminate\Pipeline\{closure}(Object(Illuminate\Http\Request))
#19 C:\Users\duong\Desktop\facebookmanagement\vendor\laravel\framework\src\Illuminate\Pipeline\Pipeline.php(183): Illuminate\Http\Middleware\HandleCors->handle(Object(Illuminate\Http\Request), Object(Closure))
#20 C:\Users\duong\Desktop\facebookmanagement\vendor\laravel\framework\src\Illuminate\Http\Middleware\TrustProxies.php(39): Illuminate\Pipeline\Pipeline->Illuminate\Pipeline\{closure}(Object(Illuminate\Http\Request))
#21 C:\Users\duong\Desktop\facebookmanagement\vendor\laravel\framework\src\Illuminate\Pipeline\Pipeline.php(183): Illuminate\Http\Middleware\TrustProxies->handle(Object(Illuminate\Http\Request), Object(Closure))
#22 C:\Users\duong\Desktop\facebookmanagement\vendor\laravel\framework\src\Illuminate\Pipeline\Pipeline.php(119): Illuminate\Pipeline\Pipeline->Illuminate\Pipeline\{closure}(Object(Illuminate\Http\Request))
#23 C:\Users\duong\Desktop\facebookmanagement\vendor\laravel\framework\src\Illuminate\Foundation\Http\Kernel.php(175): Illuminate\Pipeline\Pipeline->then(Object(Closure))
#24 C:\Users\duong\Desktop\facebookmanagement\vendor\laravel\framework\src\Illuminate\Foundation\Http\Kernel.php(144): Illuminate\Foundation\Http\Kernel->sendRequestThroughRouter(Object(Illuminate\Http\Request))
#25 C:\Users\duong\Desktop\facebookmanagement\public\index.php(52): Illuminate\Foundation\Http\Kernel->handle(Object(Illuminate\Http\Request))
#26 C:\Users\duong\Desktop\facebookmanagement\vendor\laravel\framework\src\Illuminate\Foundation\resources\server.php(16): require_once('C:\\Users\\duong\\...')
#27 {main}  
[2024-04-12 16:48:30] local.INFO: Exception  
[2024-04-12 16:48:30] local.ERROR: Symfony\Component\HttpKernel\Exception\NotFoundHttpException: The route plugins/bootstrap/js/bootstrap.bundle.min.js could not be found. in C:\Users\duong\Desktop\facebookmanagement\vendor\laravel\framework\src\Illuminate\Routing\AbstractRouteCollection.php:44
Stack trace:
#0 C:\Users\duong\Desktop\facebookmanagement\vendor\laravel\framework\src\Illuminate\Routing\RouteCollection.php(162): Illuminate\Routing\AbstractRouteCollection->handleMatchedRoute(Object(Illuminate\Http\Request), NULL)
#1 C:\Users\duong\Desktop\facebookmanagement\vendor\laravel\framework\src\Illuminate\Routing\Router.php(761): Illuminate\Routing\RouteCollection->match(Object(Illuminate\Http\Request))
#2 C:\Users\duong\Desktop\facebookmanagement\vendor\laravel\framework\src\Illuminate\Routing\Router.php(748): Illuminate\Routing\Router->findRoute(Object(Illuminate\Http\Request))
#3 C:\Users\duong\Desktop\facebookmanagement\vendor\laravel\framework\src\Illuminate\Routing\Router.php(737): Illuminate\Routing\Router->dispatchToRoute(Object(Illuminate\Http\Request))
#4 C:\Users\duong\Desktop\facebookmanagement\vendor\laravel\framework\src\Illuminate\Foundation\Http\Kernel.php(200): Illuminate\Routing\Router->dispatch(Object(Illuminate\Http\Request))
#5 C:\Users\duong\Desktop\facebookmanagement\vendor\laravel\framework\src\Illuminate\Pipeline\Pipeline.php(144): Illuminate\Foundation\Http\Kernel->Illuminate\Foundation\Http\{closure}(Object(Illuminate\Http\Request))
#6 C:\Users\duong\Desktop\facebookmanagement\vendor\livewire\livewire\src\Features\SupportDisablingBackButtonCache\DisableBackButtonCacheMiddleware.php(19): Illuminate\Pipeline\Pipeline->Illuminate\Pipeline\{closure}(Object(Illuminate\Http\Request))
#7 C:\Users\duong\Desktop\facebookmanagement\vendor\laravel\framework\src\Illuminate\Pipeline\Pipeline.php(183): Livewire\Features\SupportDisablingBackButtonCache\DisableBackButtonCacheMiddleware->handle(Object(Illuminate\Http\Request), Object(Closure))
#8 C:\Users\duong\Desktop\facebookmanagement\vendor\laravel\framework\src\Illuminate\Foundation\Http\Middleware\TransformsRequest.php(21): Illuminate\Pipeline\Pipeline->Illuminate\Pipeline\{closure}(Object(Illuminate\Http\Request))
#9 C:\Users\duong\Desktop\facebookmanagement\vendor\laravel\framework\src\Illuminate\Foundation\Http\Middleware\ConvertEmptyStringsToNull.php(31): Illuminate\Foundation\Http\Middleware\TransformsRequest->handle(Object(Illuminate\Http\Request), Object(Closure))
#10 C:\Users\duong\Desktop\facebookmanagement\vendor\laravel\framework\src\Illuminate\Pipeline\Pipeline.php(183): Illuminate\Foundation\Http\Middleware\ConvertEmptyStringsToNull->handle(Object(Illuminate\Http\Request), Object(Closure))
#11 C:\Users\duong\Desktop\facebookmanagement\vendor\laravel\framework\src\Illuminate\Foundation\Http\Middleware\TransformsRequest.php(21): Illuminate\Pipeline\Pipeline->Illuminate\Pipeline\{closure}(Object(Illuminate\Http\Request))
#12 C:\Users\duong\Desktop\facebookmanagement\vendor\laravel\framework\src\Illuminate\Foundation\Http\Middleware\TrimStrings.php(40): Illuminate\Foundation\Http\Middleware\TransformsRequest->handle(Object(Illuminate\Http\Request), Object(Closure))
#13 C:\Users\duong\Desktop\facebookmanagement\vendor\laravel\framework\src\Illuminate\Pipeline\Pipeline.php(183): Illuminate\Foundation\Http\Middleware\TrimStrings->handle(Object(Illuminate\Http\Request), Object(Closure))
#14 C:\Users\duong\Desktop\facebookmanagement\vendor\laravel\framework\src\Illuminate\Foundation\Http\Middleware\ValidatePostSize.php(27): Illuminate\Pipeline\Pipeline->Illuminate\Pipeline\{closure}(Object(Illuminate\Http\Request))
#15 C:\Users\duong\Desktop\facebookmanagement\vendor\laravel\framework\src\Illuminate\Pipeline\Pipeline.php(183): Illuminate\Foundation\Http\Middleware\ValidatePostSize->handle(Object(Illuminate\Http\Request), Object(Closure))
#16 C:\Users\duong\Desktop\facebookmanagement\vendor\laravel\framework\src\Illuminate\Foundation\Http\Middleware\PreventRequestsDuringMaintenance.php(99): Illuminate\Pipeline\Pipeline->Illuminate\Pipeline\{closure}(Object(Illuminate\Http\Request))
#17 C:\Users\duong\Desktop\facebookmanagement\vendor\laravel\framework\src\Illuminate\Pipeline\Pipeline.php(183): Illuminate\Foundation\Http\Middleware\PreventRequestsDuringMaintenance->handle(Object(Illuminate\Http\Request), Object(Closure))
#18 C:\Users\duong\Desktop\facebookmanagement\vendor\laravel\framework\src\Illuminate\Http\Middleware\HandleCors.php(49): Illuminate\Pipeline\Pipeline->Illuminate\Pipeline\{closure}(Object(Illuminate\Http\Request))
#19 C:\Users\duong\Desktop\facebookmanagement\vendor\laravel\framework\src\Illuminate\Pipeline\Pipeline.php(183): Illuminate\Http\Middleware\HandleCors->handle(Object(Illuminate\Http\Request), Object(Closure))
#20 C:\Users\duong\Desktop\facebookmanagement\vendor\laravel\framework\src\Illuminate\Http\Middleware\TrustProxies.php(39): Illuminate\Pipeline\Pipeline->Illuminate\Pipeline\{closure}(Object(Illuminate\Http\Request))
#21 C:\Users\duong\Desktop\facebookmanagement\vendor\laravel\framework\src\Illuminate\Pipeline\Pipeline.php(183): Illuminate\Http\Middleware\TrustProxies->handle(Object(Illuminate\Http\Request), Object(Closure))
#22 C:\Users\duong\Desktop\facebookmanagement\vendor\laravel\framework\src\Illuminate\Pipeline\Pipeline.php(119): Illuminate\Pipeline\Pipeline->Illuminate\Pipeline\{closure}(Object(Illuminate\Http\Request))
#23 C:\Users\duong\Desktop\facebookmanagement\vendor\laravel\framework\src\Illuminate\Foundation\Http\Kernel.php(175): Illuminate\Pipeline\Pipeline->then(Object(Closure))
#24 C:\Users\duong\Desktop\facebookmanagement\vendor\laravel\framework\src\Illuminate\Foundation\Http\Kernel.php(144): Illuminate\Foundation\Http\Kernel->sendRequestThroughRouter(Object(Illuminate\Http\Request))
#25 C:\Users\duong\Desktop\facebookmanagement\public\index.php(52): Illuminate\Foundation\Http\Kernel->handle(Object(Illuminate\Http\Request))
#26 C:\Users\duong\Desktop\facebookmanagement\vendor\laravel\framework\src\Illuminate\Foundation\resources\server.php(16): require_once('C:\\Users\\duong\\...')
#27 {main}  
[2024-04-12 16:48:31] local.INFO: Exception  
[2024-04-12 16:48:31] local.ERROR: Symfony\Component\HttpKernel\Exception\NotFoundHttpException: The route dist/js/adminlte.min.js could not be found. in C:\Users\duong\Desktop\facebookmanagement\vendor\laravel\framework\src\Illuminate\Routing\AbstractRouteCollection.php:44
Stack trace:
#0 C:\Users\duong\Desktop\facebookmanagement\vendor\laravel\framework\src\Illuminate\Routing\RouteCollection.php(162): Illuminate\Routing\AbstractRouteCollection->handleMatchedRoute(Object(Illuminate\Http\Request), NULL)
#1 C:\Users\duong\Desktop\facebookmanagement\vendor\laravel\framework\src\Illuminate\Routing\Router.php(761): Illuminate\Routing\RouteCollection->match(Object(Illuminate\Http\Request))
#2 C:\Users\duong\Desktop\facebookmanagement\vendor\laravel\framework\src\Illuminate\Routing\Router.php(748): Illuminate\Routing\Router->findRoute(Object(Illuminate\Http\Request))
#3 C:\Users\duong\Desktop\facebookmanagement\vendor\laravel\framework\src\Illuminate\Routing\Router.php(737): Illuminate\Routing\Router->dispatchToRoute(Object(Illuminate\Http\Request))
#4 C:\Users\duong\Desktop\facebookmanagement\vendor\laravel\framework\src\Illuminate\Foundation\Http\Kernel.php(200): Illuminate\Routing\Router->dispatch(Object(Illuminate\Http\Request))
#5 C:\Users\duong\Desktop\facebookmanagement\vendor\laravel\framework\src\Illuminate\Pipeline\Pipeline.php(144): Illuminate\Foundation\Http\Kernel->Illuminate\Foundation\Http\{closure}(Object(Illuminate\Http\Request))
#6 C:\Users\duong\Desktop\facebookmanagement\vendor\livewire\livewire\src\Features\SupportDisablingBackButtonCache\DisableBackButtonCacheMiddleware.php(19): Illuminate\Pipeline\Pipeline->Illuminate\Pipeline\{closure}(Object(Illuminate\Http\Request))
#7 C:\Users\duong\Desktop\facebookmanagement\vendor\laravel\framework\src\Illuminate\Pipeline\Pipeline.php(183): Livewire\Features\SupportDisablingBackButtonCache\DisableBackButtonCacheMiddleware->handle(Object(Illuminate\Http\Request), Object(Closure))
#8 C:\Users\duong\Desktop\facebookmanagement\vendor\laravel\framework\src\Illuminate\Foundation\Http\Middleware\TransformsRequest.php(21): Illuminate\Pipeline\Pipeline->Illuminate\Pipeline\{closure}(Object(Illuminate\Http\Request))
#9 C:\Users\duong\Desktop\facebookmanagement\vendor\laravel\framework\src\Illuminate\Foundation\Http\Middleware\ConvertEmptyStringsToNull.php(31): Illuminate\Foundation\Http\Middleware\TransformsRequest->handle(Object(Illuminate\Http\Request), Object(Closure))
#10 C:\Users\duong\Desktop\facebookmanagement\vendor\laravel\framework\src\Illuminate\Pipeline\Pipeline.php(183): Illuminate\Foundation\Http\Middleware\ConvertEmptyStringsToNull->handle(Object(Illuminate\Http\Request), Object(Closure))
#11 C:\Users\duong\Desktop\facebookmanagement\vendor\laravel\framework\src\Illuminate\Foundation\Http\Middleware\TransformsRequest.php(21): Illuminate\Pipeline\Pipeline->Illuminate\Pipeline\{closure}(Object(Illuminate\Http\Request))
#12 C:\Users\duong\Desktop\facebookmanagement\vendor\laravel\framework\src\Illuminate\Foundation\Http\Middleware\TrimStrings.php(40): Illuminate\Foundation\Http\Middleware\TransformsRequest->handle(Object(Illuminate\Http\Request), Object(Closure))
#13 C:\Users\duong\Desktop\facebookmanagement\vendor\laravel\framework\src\Illuminate\Pipeline\Pipeline.php(183): Illuminate\Foundation\Http\Middleware\TrimStrings->handle(Object(Illuminate\Http\Request), Object(Closure))
#14 C:\Users\duong\Desktop\facebookmanagement\vendor\laravel\framework\src\Illuminate\Foundation\Http\Middleware\ValidatePostSize.php(27): Illuminate\Pipeline\Pipeline->Illuminate\Pipeline\{closure}(Object(Illuminate\Http\Request))
#15 C:\Users\duong\Desktop\facebookmanagement\vendor\laravel\framework\src\Illuminate\Pipeline\Pipeline.php(183): Illuminate\Foundation\Http\Middleware\ValidatePostSize->handle(Object(Illuminate\Http\Request), Object(Closure))
#16 C:\Users\duong\Desktop\facebookmanagement\vendor\laravel\framework\src\Illuminate\Foundation\Http\Middleware\PreventRequestsDuringMaintenance.php(99): Illuminate\Pipeline\Pipeline->Illuminate\Pipeline\{closure}(Object(Illuminate\Http\Request))
#17 C:\Users\duong\Desktop\facebookmanagement\vendor\laravel\framework\src\Illuminate\Pipeline\Pipeline.php(183): Illuminate\Foundation\Http\Middleware\PreventRequestsDuringMaintenance->handle(Object(Illuminate\Http\Request), Object(Closure))
#18 C:\Users\duong\Desktop\facebookmanagement\vendor\laravel\framework\src\Illuminate\Http\Middleware\HandleCors.php(49): Illuminate\Pipeline\Pipeline->Illuminate\Pipeline\{closure}(Object(Illuminate\Http\Request))
#19 C:\Users\duong\Desktop\facebookmanagement\vendor\laravel\framework\src\Illuminate\Pipeline\Pipeline.php(183): Illuminate\Http\Middleware\HandleCors->handle(Object(Illuminate\Http\Request), Object(Closure))
#20 C:\Users\duong\Desktop\facebookmanagement\vendor\laravel\framework\src\Illuminate\Http\Middleware\TrustProxies.php(39): Illuminate\Pipeline\Pipeline->Illuminate\Pipeline\{closure}(Object(Illuminate\Http\Request))
#21 C:\Users\duong\Desktop\facebookmanagement\vendor\laravel\framework\src\Illuminate\Pipeline\Pipeline.php(183): Illuminate\Http\Middleware\TrustProxies->handle(Object(Illuminate\Http\Request), Object(Closure))
#22 C:\Users\duong\Desktop\facebookmanagement\vendor\laravel\framework\src\Illuminate\Pipeline\Pipeline.php(119): Illuminate\Pipeline\Pipeline->Illuminate\Pipeline\{closure}(Object(Illuminate\Http\Request))
#23 C:\Users\duong\Desktop\facebookmanagement\vendor\laravel\framework\src\Illuminate\Foundation\Http\Kernel.php(175): Illuminate\Pipeline\Pipeline->then(Object(Closure))
#24 C:\Users\duong\Desktop\facebookmanagement\vendor\laravel\framework\src\Illuminate\Foundation\Http\Kernel.php(144): Illuminate\Foundation\Http\Kernel->sendRequestThroughRouter(Object(Illuminate\Http\Request))
#25 C:\Users\duong\Desktop\facebookmanagement\public\index.php(52): Illuminate\Foundation\Http\Kernel->handle(Object(Illuminate\Http\Request))
#26 C:\Users\duong\Desktop\facebookmanagement\vendor\laravel\framework\src\Illuminate\Foundation\resources\server.php(16): require_once('C:\\Users\\duong\\...')
#27 {main}  
